<?xml version="1.0" encoding="UTF-8"?>
<testsuite name="lv.javaguru.travel.insurance.core.validations.calculate.person.PersonLastNameValidationTest" tests="3" skipped="0" failures="0" errors="0" timestamp="2024-12-14T13:47:54" hostname="DESKTOP-MNGQN6P" time="0.004">
  <properties/>
  <testcase name="nullPersonLastNameTest()" classname="lv.javaguru.travel.insurance.core.validations.calculate.person.PersonLastNameValidationTest" time="0.001"/>
  <testcase name="emptyPersonFirstNameTest()" classname="lv.javaguru.travel.insurance.core.validations.calculate.person.PersonLastNameValidationTest" time="0.001"/>
  <testcase name="correctPersonLastName()" classname="lv.javaguru.travel.insurance.core.validations.calculate.person.PersonLastNameValidationTest" time="0.001"/>
  <system-out><![CDATA[]]></system-out>
  <system-err><![CDATA[]]></system-err>
</testsuite>
