<?xml version="1.0" encoding="UTF-8"?>
<testsuite name="lv.javaguru.travel.insurance.core.underwriting.calculators.medical.TravelCalculateInsuranceLimitCoefficientTest" tests="2" skipped="0" failures="0" errors="0" timestamp="2024-12-14T13:47:50" hostname="DESKTOP-MNGQN6P" time="0.04">
  <properties/>
  <testcase name="TravelCalculateInsuranceLimitCoefficientCorrectValueIntegrationTest()" classname="lv.javaguru.travel.insurance.core.underwriting.calculators.medical.TravelCalculateInsuranceLimitCoefficientTest" time="0.003"/>
  <testcase name="TravelCalculateInsuranceLimitCoefficientCorrectValueTest()" classname="lv.javaguru.travel.insurance.core.underwriting.calculators.medical.TravelCalculateInsuranceLimitCoefficientTest" time="0.035"/>
  <system-out><![CDATA[2024-12-14 16:47:50,866 [Test worker] INFO  o.s.t.c.s.AnnotationConfigContextLoaderUtils - Could not detect default configuration classes for test class [lv.javaguru.travel.insurance.core.underwriting.calculators.medical.TravelCalculateInsuranceLimitCoefficientTest]: TravelCalculateInsuranceLimitCoefficientTest does not declare any static, non-private, non-final, nested classes annotated with @Configuration.
]]></system-out>
  <system-err><![CDATA[]]></system-err>
</testsuite>
