<?xml version="1.0" encoding="UTF-8"?>
<testsuite name="lv.javaguru.travel.insurance.core.validations.calculate.TravelAgreementValidatorImplTest" tests="5" skipped="0" failures="0" errors="0" timestamp="2024-12-14T13:47:51" hostname="DESKTOP-MNGQN6P" time="0.017">
  <properties/>
  <testcase name="shouldReturnSingleAgreementErrors()" classname="lv.javaguru.travel.insurance.core.validations.calculate.TravelAgreementValidatorImplTest" time="0.005"/>
  <testcase name="shouldReturnListAgreementErrors()" classname="lv.javaguru.travel.insurance.core.validations.calculate.TravelAgreementValidatorImplTest" time="0.002"/>
  <testcase name="shouldReturnListPersonErrors()" classname="lv.javaguru.travel.insurance.core.validations.calculate.TravelAgreementValidatorImplTest" time="0.002"/>
  <testcase name="shouldReturnSinglePersonErrors()" classname="lv.javaguru.travel.insurance.core.validations.calculate.TravelAgreementValidatorImplTest" time="0.002"/>
  <testcase name="shouldNotReturnErrors()" classname="lv.javaguru.travel.insurance.core.validations.calculate.TravelAgreementValidatorImplTest" time="0.001"/>
  <system-out><![CDATA[2024-12-14 16:47:51,548 [Test worker] INFO  o.s.t.c.s.AnnotationConfigContextLoaderUtils - Could not detect default configuration classes for test class [lv.javaguru.travel.insurance.core.validations.calculate.TravelAgreementValidatorImplTest]: TravelAgreementValidatorImplTest does not declare any static, non-private, non-final, nested classes annotated with @Configuration.
]]></system-out>
  <system-err><![CDATA[]]></system-err>
</testsuite>
