<?xml version="1.0" encoding="UTF-8"?>
<testsuite name="lv.javaguru.travel.insurance.core.repositories.calculation.medical.CountryDefaultDayRateRepositoryTest" tests="5" skipped="0" failures="0" errors="0" timestamp="2024-12-14T13:47:49" hostname="DESKTOP-MNGQN6P" time="0.036">
  <properties/>
  <testcase name="shouldFindForJapan()" classname="lv.javaguru.travel.insurance.core.repositories.calculation.medical.CountryDefaultDayRateRepositoryTest" time="0.015"/>
  <testcase name="shouldFindForSpain()" classname="lv.javaguru.travel.insurance.core.repositories.calculation.medical.CountryDefaultDayRateRepositoryTest" time="0.008"/>
  <testcase name="shouldFindForLatvia()" classname="lv.javaguru.travel.insurance.core.repositories.calculation.medical.CountryDefaultDayRateRepositoryTest" time="0.004"/>
  <testcase name="shouldNotFindForUnknownCountry()" classname="lv.javaguru.travel.insurance.core.repositories.calculation.medical.CountryDefaultDayRateRepositoryTest" time="0.004"/>
  <testcase name="injectedRepositoryAreNotNull()" classname="lv.javaguru.travel.insurance.core.repositories.calculation.medical.CountryDefaultDayRateRepositoryTest" time="0.002"/>
  <system-out><![CDATA[2024-12-14 16:47:49,490 [Test worker] INFO  o.s.t.c.s.AnnotationConfigContextLoaderUtils - Could not detect default configuration classes for test class [lv.javaguru.travel.insurance.core.repositories.calculation.medical.CountryDefaultDayRateRepositoryTest]: CountryDefaultDayRateRepositoryTest does not declare any static, non-private, non-final, nested classes annotated with @Configuration.
2024-12-14 16:47:49,507 [Test worker] INFO  o.s.b.t.c.SpringBootTestContextBootstrapper - Found @SpringBootConfiguration lv.javaguru.travel.insurance.InsuranceApplication for test class lv.javaguru.travel.insurance.core.repositories.calculation.medical.CountryDefaultDayRateRepositoryTest
Hibernate: select cddr1_0.id,cddr1_0.country_ic,cddr1_0.default_day_rate from country_default_day_rate cddr1_0 where cddr1_0.country_ic=?
Hibernate: select cddr1_0.id,cddr1_0.country_ic,cddr1_0.default_day_rate from country_default_day_rate cddr1_0 where cddr1_0.country_ic=?
Hibernate: select cddr1_0.id,cddr1_0.country_ic,cddr1_0.default_day_rate from country_default_day_rate cddr1_0 where cddr1_0.country_ic=?
Hibernate: select cddr1_0.id,cddr1_0.country_ic,cddr1_0.default_day_rate from country_default_day_rate cddr1_0 where cddr1_0.country_ic=?
]]></system-out>
  <system-err><![CDATA[]]></system-err>
</testsuite>
