<?xml version="1.0" encoding="UTF-8"?>
<testsuite name="lv.javaguru.travel.insurance.core.validations.calculate.person.PersonBirthDateInPastValidationTest" tests="2" skipped="0" failures="0" errors="0" timestamp="2024-12-14T13:47:54" hostname="DESKTOP-MNGQN6P" time="0.003">
  <properties/>
  <testcase name="personBirthDateInFuture()" classname="lv.javaguru.travel.insurance.core.validations.calculate.person.PersonBirthDateInPastValidationTest" time="0.002"/>
  <testcase name="personCorrectBirthDateTest()" classname="lv.javaguru.travel.insurance.core.validations.calculate.person.PersonBirthDateInPastValidationTest" time="0.001"/>
  <system-out><![CDATA[]]></system-out>
  <system-err><![CDATA[]]></system-err>
</testsuite>
