<?xml version="1.0" encoding="UTF-8"?>
<testsuite name="lv.javaguru.travel.insurance.core.validations.calculate.agreement.AgreementDateFromValidationTest" tests="2" skipped="0" failures="0" errors="0" timestamp="2024-12-14T13:47:51" hostname="DESKTOP-MNGQN6P" time="0.005">
  <properties/>
  <testcase name="AgreementDateFromIsNullTest()" classname="lv.javaguru.travel.insurance.core.validations.calculate.agreement.AgreementDateFromValidationTest" time="0.002"/>
  <testcase name="AgreementDateFromExistsTest()" classname="lv.javaguru.travel.insurance.core.validations.calculate.agreement.AgreementDateFromValidationTest" time="0.002"/>
  <system-out><![CDATA[2024-12-14 16:47:51,901 [Test worker] INFO  o.s.t.c.s.AnnotationConfigContextLoaderUtils - Could not detect default configuration classes for test class [lv.javaguru.travel.insurance.core.validations.calculate.agreement.AgreementDateFromValidationTest]: AgreementDateFromValidationTest does not declare any static, non-private, non-final, nested classes annotated with @Configuration.
]]></system-out>
  <system-err><![CDATA[]]></system-err>
</testsuite>
