<?xml version="1.0" encoding="UTF-8"?>
<testsuite name="lv.javaguru.travel.insurance.rest.controller_get_test.TravelGetAgreementControllerTestCase3" tests="1" skipped="0" failures="0" errors="0" timestamp="2024-12-14T13:47:56" hostname="DESKTOP-MNGQN6P" time="0.007">
  <properties/>
  <testcase name="execute()" classname="lv.javaguru.travel.insurance.rest.controller_get_test.TravelGetAgreementControllerTestCase3" time="0.007"/>
  <system-out><![CDATA[2024-12-14 16:47:56,079 [Test worker] INFO  o.s.t.c.s.AnnotationConfigContextLoaderUtils - Could not detect default configuration classes for test class [lv.javaguru.travel.insurance.rest.controller_get_test.TravelGetAgreementControllerTestCase3]: TravelGetAgreementControllerTestCase3 does not declare any static, non-private, non-final, nested classes annotated with @Configuration.
2024-12-14 16:47:56,081 [Test worker] INFO  o.s.b.t.c.SpringBootTestContextBootstrapper - Found @SpringBootConfiguration lv.javaguru.travel.insurance.InsuranceApplication for test class lv.javaguru.travel.insurance.rest.controller_get_test.TravelGetAgreementControllerTestCase3
]]></system-out>
  <system-err><![CDATA[]]></system-err>
</testsuite>
