<?xml version="1.0" encoding="UTF-8"?>
<testsuite name="lv.javaguru.travel.insurance.core.repositories.calculation.cancellation.TravelCostCoefficientRepositoryTest" tests="5" skipped="0" failures="0" errors="0" timestamp="2024-12-14T13:47:49" hostname="DESKTOP-MNGQN6P" time="0.023">
  <properties/>
  <testcase name="cost20000Test()" classname="lv.javaguru.travel.insurance.core.repositories.calculation.cancellation.TravelCostCoefficientRepositoryTest" time="0.005"/>
  <testcase name="cost0Test()" classname="lv.javaguru.travel.insurance.core.repositories.calculation.cancellation.TravelCostCoefficientRepositoryTest" time="0.005"/>
  <testcase name="cost5000Test()" classname="lv.javaguru.travel.insurance.core.repositories.calculation.cancellation.TravelCostCoefficientRepositoryTest" time="0.004"/>
  <testcase name="repositoryIsNotNull()" classname="lv.javaguru.travel.insurance.core.repositories.calculation.cancellation.TravelCostCoefficientRepositoryTest" time="0.002"/>
  <testcase name="cost10000Test()" classname="lv.javaguru.travel.insurance.core.repositories.calculation.cancellation.TravelCostCoefficientRepositoryTest" time="0.004"/>
  <system-out><![CDATA[2024-12-14 16:47:49,381 [Test worker] INFO  o.s.t.c.s.AnnotationConfigContextLoaderUtils - Could not detect default configuration classes for test class [lv.javaguru.travel.insurance.core.repositories.calculation.cancellation.TravelCostCoefficientRepositoryTest]: TravelCostCoefficientRepositoryTest does not declare any static, non-private, non-final, nested classes annotated with @Configuration.
2024-12-14 16:47:49,386 [Test worker] INFO  o.s.b.t.c.SpringBootTestContextBootstrapper - Found @SpringBootConfiguration lv.javaguru.travel.insurance.InsuranceApplication for test class lv.javaguru.travel.insurance.core.repositories.calculation.cancellation.TravelCostCoefficientRepositoryTest
Hibernate: select tccd1_0.id,tccd1_0.cost_coefficient,tccd1_0.cost_from,tccd1_0.cost_to from travel_cost_coefficient tccd1_0 where tccd1_0.cost_from<=? and tccd1_0.cost_to>?
Hibernate: select tccd1_0.id,tccd1_0.cost_coefficient,tccd1_0.cost_from,tccd1_0.cost_to from travel_cost_coefficient tccd1_0 where tccd1_0.cost_from<=? and tccd1_0.cost_to>?
Hibernate: select tccd1_0.id,tccd1_0.cost_coefficient,tccd1_0.cost_from,tccd1_0.cost_to from travel_cost_coefficient tccd1_0 where tccd1_0.cost_from<=? and tccd1_0.cost_to>?
Hibernate: select tccd1_0.id,tccd1_0.cost_coefficient,tccd1_0.cost_from,tccd1_0.cost_to from travel_cost_coefficient tccd1_0 where tccd1_0.cost_from<=? and tccd1_0.cost_to>?
]]></system-out>
  <system-err><![CDATA[]]></system-err>
</testsuite>
