<?xml version="1.0" encoding="UTF-8"?>
<testsuite name="lv.javaguru.travel.insurance.rest.controller_v1_test.correct_request.AllFieldFilledTest" tests="1" skipped="0" failures="0" errors="0" timestamp="2024-12-14T13:47:56" hostname="DESKTOP-MNGQN6P" time="0.152">
  <properties/>
  <testcase name="execute1()" classname="lv.javaguru.travel.insurance.rest.controller_v1_test.correct_request.AllFieldFilledTest" time="0.152"/>
  <system-out><![CDATA[2024-12-14 16:47:56,479 [Test worker] INFO  o.s.t.c.s.AnnotationConfigContextLoaderUtils - Could not detect default configuration classes for test class [lv.javaguru.travel.insurance.rest.controller_v1_test.correct_request.AllFieldFilledTest]: AllFieldFilledTest does not declare any static, non-private, non-final, nested classes annotated with @Configuration.
2024-12-14 16:47:56,501 [Test worker] INFO  o.s.b.t.c.SpringBootTestContextBootstrapper - Found @SpringBootConfiguration lv.javaguru.travel.insurance.InsuranceApplication for test class lv.javaguru.travel.insurance.rest.controller_v1_test.correct_request.AllFieldFilledTest
Hibernate: select cv1_0.id,cv1_0.classifier_id,cv1_0.description,cv1_0.ic from classifier_values cv1_0 left join classifiers c1_0 on c1_0.id=cv1_0.classifier_id where c1_0.title=? and cv1_0.ic=?
Hibernate: select c1_0.id,c1_0.description,c1_0.title from classifiers c1_0 where c1_0.id=?
Hibernate: select cv1_0.id,cv1_0.classifier_id,cv1_0.description,cv1_0.ic from classifier_values cv1_0 left join classifiers c1_0 on c1_0.id=cv1_0.classifier_id where c1_0.title=? and cv1_0.ic=?
Hibernate: select c1_0.id,c1_0.description,c1_0.title from classifiers c1_0 where c1_0.id=?
Hibernate: select cv1_0.id,cv1_0.classifier_id,cv1_0.description,cv1_0.ic from classifier_values cv1_0 left join classifiers c1_0 on c1_0.id=cv1_0.classifier_id where c1_0.title=? and cv1_0.ic=?
Hibernate: select c1_0.id,c1_0.description,c1_0.title from classifiers c1_0 where c1_0.id=?
Hibernate: select mrll1_0.id,mrll1_0.coefficient,mrll1_0.medical_risk_limit_level_ic from medical_risk_limit_level mrll1_0 where mrll1_0.medical_risk_limit_level_ic=?
Hibernate: select tc1_0.id,tc1_0.age_from,tc1_0.age_to,tc1_0.coefficient from travel_medical_age_coefficient tc1_0 where tc1_0.age_from<=? and tc1_0.age_to>=?
Hibernate: select cddr1_0.id,cddr1_0.country_ic,cddr1_0.default_day_rate from country_default_day_rate cddr1_0 where cddr1_0.country_ic=?
Hibernate: select aed1_0.id,aed1_0.cost,aed1_0.country,aed1_0.date_from,aed1_0.date_to,aed1_0.premium,aed1_0.uuid from agreements aed1_0 where aed1_0.date_from=? and aed1_0.date_to=? and aed1_0.country=? and aed1_0.premium=?
Hibernate: insert into agreements (cost,country,date_from,date_to,premium,uuid,id) values (?,?,?,?,?,?,default)
Hibernate: select pd1_0.id,pd1_0.birth_date,pd1_0.first_name,pd1_0.ic,pd1_0.last_name from persons pd1_0 where pd1_0.first_name=? and pd1_0.last_name=? and pd1_0.ic=?
Hibernate: insert into persons (birth_date,first_name,ic,last_name,id) values (?,?,?,?,default)
Hibernate: select aped1_0.id,aped1_0.agreement,aped1_0.medical_risk_limit_level,aped1_0.person,aped1_0.person_medical_status,aped1_0.premium from agreement_persons aped1_0 left join persons p1_0 on p1_0.id=aped1_0.person where p1_0.first_name=? and p1_0.last_name=? and p1_0.ic=?
Hibernate: insert into agreement_persons (agreement,medical_risk_limit_level,person,person_medical_status,premium,id) values (?,?,?,?,?,default)
Hibernate: select pred1_0.id,pred1_0.person,pred1_0.premium,pred1_0.risk_ic from person_risks pred1_0 left join agreement_persons p1_0 on p1_0.id=pred1_0.person where pred1_0.risk_ic=? and p1_0.id=?
Hibernate: insert into person_risks (person,premium,risk_ic,id) values (?,?,?,default)
Hibernate: select ared1_0.id,ared1_0.agreement,ared1_0.risk_ic from selected_risks ared1_0 left join agreements a1_0 on a1_0.id=ared1_0.agreement where ared1_0.risk_ic=? and a1_0.id=?
Hibernate: insert into selected_risks (agreement,risk_ic,id) values (?,?,default)
2024-12-14 16:47:56,653 [Test worker] INFO  l.j.t.i.r.c.TravelCalculatePremiumRequestExecutionTimeLogger - Request processing time (ms): 137
]]></system-out>
  <system-err><![CDATA[]]></system-err>
</testsuite>
