<?xml version="1.0" encoding="UTF-8"?>
<testsuite name="lv.javaguru.travel.insurance.core.repositories.agreement.AgreementPersonEntityRepositoryTest" tests="6" skipped="0" failures="0" errors="0" timestamp="2024-12-14T13:47:49" hostname="DESKTOP-MNGQN6P" time="0.064">
  <properties/>
  <testcase name="incorrectPersonIcTest()" classname="lv.javaguru.travel.insurance.core.repositories.agreement.AgreementPersonEntityRepositoryTest" time="0.012"/>
  <testcase name="incorrectLastNameTest()" classname="lv.javaguru.travel.insurance.core.repositories.agreement.AgreementPersonEntityRepositoryTest" time="0.005"/>
  <testcase name="correctPerson()" classname="lv.javaguru.travel.insurance.core.repositories.agreement.AgreementPersonEntityRepositoryTest" time="0.013"/>
  <testcase name="twoPersons()" classname="lv.javaguru.travel.insurance.core.repositories.agreement.AgreementPersonEntityRepositoryTest" time="0.021"/>
  <testcase name="incorrectFirstNameTest()" classname="lv.javaguru.travel.insurance.core.repositories.agreement.AgreementPersonEntityRepositoryTest" time="0.006"/>
  <testcase name="isNotNull()" classname="lv.javaguru.travel.insurance.core.repositories.agreement.AgreementPersonEntityRepositoryTest" time="0.003"/>
  <system-out><![CDATA[2024-12-14 16:47:49,024 [Test worker] INFO  o.s.t.c.s.AnnotationConfigContextLoaderUtils - Could not detect default configuration classes for test class [lv.javaguru.travel.insurance.core.repositories.agreement.AgreementPersonEntityRepositoryTest]: AgreementPersonEntityRepositoryTest does not declare any static, non-private, non-final, nested classes annotated with @Configuration.
2024-12-14 16:47:49,030 [Test worker] INFO  o.s.b.t.c.SpringBootTestContextBootstrapper - Found @SpringBootConfiguration lv.javaguru.travel.insurance.InsuranceApplication for test class lv.javaguru.travel.insurance.core.repositories.agreement.AgreementPersonEntityRepositoryTest
Hibernate: select aped1_0.id,aped1_0.agreement,aped1_0.medical_risk_limit_level,aped1_0.person,aped1_0.person_medical_status,aped1_0.premium from agreement_persons aped1_0 left join persons p1_0 on p1_0.id=aped1_0.person where p1_0.first_name=? and p1_0.last_name=? and p1_0.ic=?
Hibernate: select aped1_0.id,aped1_0.agreement,aped1_0.medical_risk_limit_level,aped1_0.person,aped1_0.person_medical_status,aped1_0.premium from agreement_persons aped1_0 left join persons p1_0 on p1_0.id=aped1_0.person where p1_0.first_name=? and p1_0.last_name=? and p1_0.ic=?
Hibernate: select aped1_0.id,aped1_0.agreement,aped1_0.medical_risk_limit_level,aped1_0.person,aped1_0.person_medical_status,aped1_0.premium from agreement_persons aped1_0 left join persons p1_0 on p1_0.id=aped1_0.person where p1_0.first_name=? and p1_0.last_name=? and p1_0.ic=?
Hibernate: select aed1_0.id,aed1_0.cost,aed1_0.country,aed1_0.date_from,aed1_0.date_to,aed1_0.premium,aed1_0.uuid from agreements aed1_0 where aed1_0.id=?
Hibernate: select pd1_0.id,pd1_0.birth_date,pd1_0.first_name,pd1_0.ic,pd1_0.last_name from persons pd1_0 where pd1_0.id=?
Hibernate: select aped1_0.id,aped1_0.agreement,aped1_0.medical_risk_limit_level,aped1_0.person,aped1_0.person_medical_status,aped1_0.premium from agreement_persons aped1_0 where aped1_0.agreement=?
Hibernate: select aed1_0.id,aed1_0.cost,aed1_0.country,aed1_0.date_from,aed1_0.date_to,aed1_0.premium,aed1_0.uuid from agreements aed1_0 where aed1_0.id=?
Hibernate: select pd1_0.id,pd1_0.birth_date,pd1_0.first_name,pd1_0.ic,pd1_0.last_name from persons pd1_0 where pd1_0.id=?
Hibernate: select pd1_0.id,pd1_0.birth_date,pd1_0.first_name,pd1_0.ic,pd1_0.last_name from persons pd1_0 where pd1_0.id=?
Hibernate: select aped1_0.id,aped1_0.agreement,aped1_0.medical_risk_limit_level,aped1_0.person,aped1_0.person_medical_status,aped1_0.premium from agreement_persons aped1_0 left join persons p1_0 on p1_0.id=aped1_0.person where p1_0.first_name=? and p1_0.last_name=? and p1_0.ic=?
]]></system-out>
  <system-err><![CDATA[]]></system-err>
</testsuite>
