<?xml version="1.0" encoding="UTF-8"?>
<testsuite name="lv.javaguru.travel.insurance.core.repositories.agreement.PersonRepositoryTest" tests="6" skipped="0" failures="0" errors="0" timestamp="2024-12-14T13:47:49" hostname="DESKTOP-MNGQN6P" time="0.03">
  <properties/>
  <testcase name="wrongPersonTest()" classname="lv.javaguru.travel.insurance.core.repositories.agreement.PersonRepositoryTest" time="0.006"/>
  <testcase name="wrongPersonLastNameTest()" classname="lv.javaguru.travel.insurance.core.repositories.agreement.PersonRepositoryTest" time="0.005"/>
  <testcase name="wrongPersonIcTest()" classname="lv.javaguru.travel.insurance.core.repositories.agreement.PersonRepositoryTest" time="0.005"/>
  <testcase name="correctPersonTest()" classname="lv.javaguru.travel.insurance.core.repositories.agreement.PersonRepositoryTest" time="0.004"/>
  <testcase name="repositoryIsNotNull()" classname="lv.javaguru.travel.insurance.core.repositories.agreement.PersonRepositoryTest" time="0.002"/>
  <testcase name="wrongPersonFirstNameTest()" classname="lv.javaguru.travel.insurance.core.repositories.agreement.PersonRepositoryTest" time="0.004"/>
  <system-out><![CDATA[2024-12-14 16:47:49,101 [Test worker] INFO  o.s.t.c.s.AnnotationConfigContextLoaderUtils - Could not detect default configuration classes for test class [lv.javaguru.travel.insurance.core.repositories.agreement.PersonRepositoryTest]: PersonRepositoryTest does not declare any static, non-private, non-final, nested classes annotated with @Configuration.
2024-12-14 16:47:49,108 [Test worker] INFO  o.s.b.t.c.SpringBootTestContextBootstrapper - Found @SpringBootConfiguration lv.javaguru.travel.insurance.InsuranceApplication for test class lv.javaguru.travel.insurance.core.repositories.agreement.PersonRepositoryTest
Hibernate: select pd1_0.id,pd1_0.birth_date,pd1_0.first_name,pd1_0.ic,pd1_0.last_name from persons pd1_0 where pd1_0.first_name=? and pd1_0.last_name=? and pd1_0.ic=?
Hibernate: select pd1_0.id,pd1_0.birth_date,pd1_0.first_name,pd1_0.ic,pd1_0.last_name from persons pd1_0 where pd1_0.first_name=? and pd1_0.last_name=? and pd1_0.ic=?
Hibernate: select pd1_0.id,pd1_0.birth_date,pd1_0.first_name,pd1_0.ic,pd1_0.last_name from persons pd1_0 where pd1_0.first_name=? and pd1_0.last_name=? and pd1_0.ic=?
Hibernate: select pd1_0.id,pd1_0.birth_date,pd1_0.first_name,pd1_0.ic,pd1_0.last_name from persons pd1_0 where pd1_0.first_name=? and pd1_0.last_name=? and pd1_0.ic=?
Hibernate: select pd1_0.id,pd1_0.birth_date,pd1_0.first_name,pd1_0.ic,pd1_0.last_name from persons pd1_0 where pd1_0.first_name=? and pd1_0.last_name=? and pd1_0.ic=?
]]></system-out>
  <system-err><![CDATA[]]></system-err>
</testsuite>
