<?xml version="1.0" encoding="UTF-8"?>
<testsuite name="lv.javaguru.travel.insurance.core.validations.calculate.person.PersonBirthDateValidationTest" tests="2" skipped="0" failures="0" errors="0" timestamp="2024-12-14T13:47:54" hostname="DESKTOP-MNGQN6P" time="0.002">
  <properties/>
  <testcase name="nullPersonBirthDateTest()" classname="lv.javaguru.travel.insurance.core.validations.calculate.person.PersonBirthDateValidationTest" time="0.001"/>
  <testcase name="notNullPersonBirthDateTest()" classname="lv.javaguru.travel.insurance.core.validations.calculate.person.PersonBirthDateValidationTest" time="0.001"/>
  <system-out><![CDATA[]]></system-out>
  <system-err><![CDATA[]]></system-err>
</testsuite>
