<?xml version="1.0" encoding="UTF-8"?>
<testsuite name="lv.javaguru.travel.insurance.core.validations.get.CorrectUUIDValidationTest" tests="6" skipped="0" failures="0" errors="0" timestamp="2024-12-14T13:47:54" hostname="DESKTOP-MNGQN6P" time="0.017">
  <properties/>
  <testcase name="UUIDIsNull()" classname="lv.javaguru.travel.insurance.core.validations.get.CorrectUUIDValidationTest" time="0.001"/>
  <testcase name="veryShortUUID()" classname="lv.javaguru.travel.insurance.core.validations.get.CorrectUUIDValidationTest" time="0.002"/>
  <testcase name="invalidUUID()" classname="lv.javaguru.travel.insurance.core.validations.get.CorrectUUIDValidationTest" time="0.001"/>
  <testcase name="UUIDWithInvalidChar()" classname="lv.javaguru.travel.insurance.core.validations.get.CorrectUUIDValidationTest" time="0.001"/>
  <testcase name="UUIDWithoutHyphens()" classname="lv.javaguru.travel.insurance.core.validations.get.CorrectUUIDValidationTest" time="0.001"/>
  <testcase name="correctUUID()" classname="lv.javaguru.travel.insurance.core.validations.get.CorrectUUIDValidationTest" time="0.001"/>
  <system-out><![CDATA[2024-12-14 16:47:54,611 [Test worker] INFO  o.s.t.c.s.AnnotationConfigContextLoaderUtils - Could not detect default configuration classes for test class [lv.javaguru.travel.insurance.core.validations.get.CorrectUUIDValidationTest]: CorrectUUIDValidationTest does not declare any static, non-private, non-final, nested classes annotated with @Configuration.
]]></system-out>
  <system-err><![CDATA[]]></system-err>
</testsuite>
