<?xml version="1.0" encoding="UTF-8"?>
<testsuite name="lv.javaguru.travel.insurance.core.validations.calculate.integration.AgreementDateFromValidationIntegrationTest" tests="2" skipped="0" failures="0" errors="0" timestamp="2024-12-14T13:47:54" hostname="DESKTOP-MNGQN6P" time="0.06">
  <properties/>
  <testcase name="shouldReturnErrorsWhenDateFromIsNull()" classname="lv.javaguru.travel.insurance.core.validations.calculate.integration.AgreementDateFromValidationIntegrationTest" time="0.048"/>
  <testcase name="shouldReturnErrorsWhenDateFromIsInThePast()" classname="lv.javaguru.travel.insurance.core.validations.calculate.integration.AgreementDateFromValidationIntegrationTest" time="0.011"/>
  <system-out><![CDATA[2024-12-14 16:47:51,949 [Test worker] INFO  o.s.t.c.s.AnnotationConfigContextLoaderUtils - Could not detect default configuration classes for test class [lv.javaguru.travel.insurance.core.validations.calculate.integration.AgreementDateFromValidationIntegrationTest]: AgreementDateFromValidationIntegrationTest does not declare any static, non-private, non-final, nested classes annotated with @Configuration.
2024-12-14 16:47:51,982 [Test worker] INFO  o.s.b.t.c.SpringBootTestContextBootstrapper - Found @SpringBootConfiguration lv.javaguru.travel.insurance.InsuranceApplication for test class lv.javaguru.travel.insurance.core.validations.calculate.integration.AgreementDateFromValidationIntegrationTest

  .   ____          _            __ _ _
 /\\ / ___'_ __ _ _(_)_ __  __ _ \ \ \ \
( ( )\___ | '_ | '_| | '_ \/ _` | \ \ \ \
 \\/  ___)| |_)| | | | | || (_| |  ) ) ) )
  '  |____| .__|_| |_|_| |_\__, | / / / /
 =========|_|==============|___/=/_/_/_/
 :: Spring Boot ::                (v3.2.0)

2024-12-14 16:47:52,029 [Test worker] INFO  l.j.t.i.c.v.c.i.AgreementDateFromValidationIntegrationTest - Starting AgreementDateFromValidationIntegrationTest using Java 21.0.5 with PID 8332 (started by User in D:\Leva\Program\repos\My_Portfolio\Insurance_Calculator\student_snezhko_leu_version_2)
2024-12-14 16:47:52,029 [Test worker] INFO  l.j.t.i.c.v.c.i.AgreementDateFromValidationIntegrationTest - No active profile set, falling back to 1 default profile: "default"
2024-12-14 16:47:52,635 [Test worker] INFO  o.s.d.r.c.RepositoryConfigurationDelegate - Bootstrapping Spring Data JPA repositories in DEFAULT mode.
2024-12-14 16:47:52,699 [Test worker] INFO  o.s.d.r.c.RepositoryConfigurationDelegate - Finished Spring Data repository scanning in 63 ms. Found 16 JPA repository interfaces.
2024-12-14 16:47:52,930 [Test worker] INFO  com.zaxxer.hikari.HikariDataSource - HikariPool-1 - Starting...
2024-12-14 16:47:52,952 [Test worker] INFO  com.zaxxer.hikari.pool.HikariPool - HikariPool-1 - Added connection conn80: url=jdbc:h2:mem:testdb?serverTimezone=Europe/Minsk user=SA
2024-12-14 16:47:52,956 [Test worker] INFO  com.zaxxer.hikari.HikariDataSource - HikariPool-1 - Start completed.
2024-12-14 16:47:53,048 [Test worker] INFO  o.h.jpa.internal.util.LogHelper - HHH000204: Processing PersistenceUnitInfo [name: default]
2024-12-14 16:47:53,053 [Test worker] INFO  o.h.c.i.RegionFactoryInitiator - HHH000026: Second-level cache disabled
2024-12-14 16:47:53,059 [Test worker] INFO  o.s.o.j.p.SpringPersistenceUnitInfo - No LoadTimeWeaver setup: ignoring JPA class transformer
2024-12-14 16:47:53,068 [Test worker] WARN  org.hibernate.orm.deprecation - HHH90000025: H2Dialect does not need to be specified explicitly using 'hibernate.dialect' (remove the property setting and it will be selected by default)
2024-12-14 16:47:53,281 [Test worker] INFO  o.h.e.t.j.p.i.JtaPlatformInitiator - HHH000489: No JTA platform available (set 'hibernate.transaction.jta.platform' to enable JTA platform integration)
2024-12-14 16:47:53,299 [Test worker] INFO  o.s.o.j.LocalContainerEntityManagerFactoryBean - Initialized JPA EntityManagerFactory for persistence unit 'default'
2024-12-14 16:47:53,686 [Test worker] INFO  o.s.b.f.a.AutowiredAnnotationBeanPostProcessor - Autowired annotation is not supported on static fields: private static lv.javaguru.travel.insurance.core.validations.ValidationErrorFactory lv.javaguru.travel.insurance.core.validations.calculate.person.PersonMedicalStatusErrorGenerator.errorFactory
2024-12-14 16:47:53,935 [Test worker] WARN  o.s.b.a.o.j.JpaBaseConfiguration$JpaWebConfiguration - spring.jpa.open-in-view is enabled by default. Therefore, database queries may be performed during view rendering. Explicitly configure spring.jpa.open-in-view to disable this warning
2024-12-14 16:47:54,452 [Test worker] INFO  l.j.t.i.c.v.c.i.AgreementDateFromValidationIntegrationTest - Started AgreementDateFromValidationIntegrationTest in 2.454 seconds (process running for 10.844)
Hibernate: select cv1_0.id,cv1_0.classifier_id,cv1_0.description,cv1_0.ic from classifier_values cv1_0 left join classifiers c1_0 on c1_0.id=cv1_0.classifier_id where c1_0.title=? and cv1_0.ic=?
Hibernate: select c1_0.id,c1_0.description,c1_0.title from classifiers c1_0 where c1_0.id=?
Hibernate: select cv1_0.id,cv1_0.classifier_id,cv1_0.description,cv1_0.ic from classifier_values cv1_0 left join classifiers c1_0 on c1_0.id=cv1_0.classifier_id where c1_0.title=? and cv1_0.ic=?
Hibernate: select c1_0.id,c1_0.description,c1_0.title from classifiers c1_0 where c1_0.id=?
Hibernate: select cv1_0.id,cv1_0.classifier_id,cv1_0.description,cv1_0.ic from classifier_values cv1_0 left join classifiers c1_0 on c1_0.id=cv1_0.classifier_id where c1_0.title=? and cv1_0.ic=?
Hibernate: select c1_0.id,c1_0.description,c1_0.title from classifiers c1_0 where c1_0.id=?
Hibernate: select cv1_0.id,cv1_0.classifier_id,cv1_0.description,cv1_0.ic from classifier_values cv1_0 left join classifiers c1_0 on c1_0.id=cv1_0.classifier_id where c1_0.title=? and cv1_0.ic=?
Hibernate: select c1_0.id,c1_0.description,c1_0.title from classifiers c1_0 where c1_0.id=?
Hibernate: select cv1_0.id,cv1_0.classifier_id,cv1_0.description,cv1_0.ic from classifier_values cv1_0 left join classifiers c1_0 on c1_0.id=cv1_0.classifier_id where c1_0.title=? and cv1_0.ic=?
Hibernate: select c1_0.id,c1_0.description,c1_0.title from classifiers c1_0 where c1_0.id=?
Hibernate: select cv1_0.id,cv1_0.classifier_id,cv1_0.description,cv1_0.ic from classifier_values cv1_0 left join classifiers c1_0 on c1_0.id=cv1_0.classifier_id where c1_0.title=? and cv1_0.ic=?
Hibernate: select c1_0.id,c1_0.description,c1_0.title from classifiers c1_0 where c1_0.id=?
]]></system-out>
  <system-err><![CDATA[]]></system-err>
</testsuite>
