<?xml version="1.0" encoding="UTF-8"?>
<testsuite name="lv.javaguru.travel.insurance.core.repositories.calculation.cancellation.TCAgeCoefficientRepositoryTest" tests="6" skipped="0" failures="0" errors="0" timestamp="2024-12-14T13:47:49" hostname="DESKTOP-MNGQN6P" time="0.029">
  <properties/>
  <testcase name="age18Coefficient()" classname="lv.javaguru.travel.insurance.core.repositories.calculation.cancellation.TCAgeCoefficientRepositoryTest" time="0.007"/>
  <testcase name="age0Coefficient()" classname="lv.javaguru.travel.insurance.core.repositories.calculation.cancellation.TCAgeCoefficientRepositoryTest" time="0.004"/>
  <testcase name="isRepoNotNull()" classname="lv.javaguru.travel.insurance.core.repositories.calculation.cancellation.TCAgeCoefficientRepositoryTest" time="0.002"/>
  <testcase name="age40Coefficient()" classname="lv.javaguru.travel.insurance.core.repositories.calculation.cancellation.TCAgeCoefficientRepositoryTest" time="0.003"/>
  <testcase name="age66Coefficient()" classname="lv.javaguru.travel.insurance.core.repositories.calculation.cancellation.TCAgeCoefficientRepositoryTest" time="0.004"/>
  <testcase name="age10Coefficient()" classname="lv.javaguru.travel.insurance.core.repositories.calculation.cancellation.TCAgeCoefficientRepositoryTest" time="0.005"/>
  <system-out><![CDATA[2024-12-14 16:47:49,295 [Test worker] INFO  o.s.t.c.s.AnnotationConfigContextLoaderUtils - Could not detect default configuration classes for test class [lv.javaguru.travel.insurance.core.repositories.calculation.cancellation.TCAgeCoefficientRepositoryTest]: TCAgeCoefficientRepositoryTest does not declare any static, non-private, non-final, nested classes annotated with @Configuration.
2024-12-14 16:47:49,318 [Test worker] INFO  o.s.b.t.c.SpringBootTestContextBootstrapper - Found @SpringBootConfiguration lv.javaguru.travel.insurance.InsuranceApplication for test class lv.javaguru.travel.insurance.core.repositories.calculation.cancellation.TCAgeCoefficientRepositoryTest
Hibernate: select tcd1_0.id,tcd1_0.age_from,tcd1_0.age_to,tcd1_0.coefficient from travel_cancellation_age_coefficient tcd1_0 where tcd1_0.age_from<=? and tcd1_0.age_to>=?
Hibernate: select tcd1_0.id,tcd1_0.age_from,tcd1_0.age_to,tcd1_0.coefficient from travel_cancellation_age_coefficient tcd1_0 where tcd1_0.age_from<=? and tcd1_0.age_to>=?
Hibernate: select tcd1_0.id,tcd1_0.age_from,tcd1_0.age_to,tcd1_0.coefficient from travel_cancellation_age_coefficient tcd1_0 where tcd1_0.age_from<=? and tcd1_0.age_to>=?
Hibernate: select tcd1_0.id,tcd1_0.age_from,tcd1_0.age_to,tcd1_0.coefficient from travel_cancellation_age_coefficient tcd1_0 where tcd1_0.age_from<=? and tcd1_0.age_to>=?
Hibernate: select tcd1_0.id,tcd1_0.age_from,tcd1_0.age_to,tcd1_0.coefficient from travel_cancellation_age_coefficient tcd1_0 where tcd1_0.age_from<=? and tcd1_0.age_to>=?
]]></system-out>
  <system-err><![CDATA[]]></system-err>
</testsuite>
