<?xml version="1.0" encoding="UTF-8"?>
<testsuite name="lv.javaguru.travel.insurance.rest.controller_v1_test.person_error.birth_date.V1PersonBirthDateTest" tests="2" skipped="0" failures="0" errors="0" timestamp="2024-12-14T13:47:56" hostname="DESKTOP-MNGQN6P" time="0.033">
  <properties/>
  <testcase name="execute6()" classname="lv.javaguru.travel.insurance.rest.controller_v1_test.person_error.birth_date.V1PersonBirthDateTest" time="0.018"/>
  <testcase name="execute7()" classname="lv.javaguru.travel.insurance.rest.controller_v1_test.person_error.birth_date.V1PersonBirthDateTest" time="0.015"/>
  <system-out><![CDATA[2024-12-14 16:47:56,665 [Test worker] INFO  o.s.t.c.s.AnnotationConfigContextLoaderUtils - Could not detect default configuration classes for test class [lv.javaguru.travel.insurance.rest.controller_v1_test.person_error.birth_date.V1PersonBirthDateTest]: V1PersonBirthDateTest does not declare any static, non-private, non-final, nested classes annotated with @Configuration.
2024-12-14 16:47:56,684 [Test worker] INFO  o.s.b.t.c.SpringBootTestContextBootstrapper - Found @SpringBootConfiguration lv.javaguru.travel.insurance.InsuranceApplication for test class lv.javaguru.travel.insurance.rest.controller_v1_test.person_error.birth_date.V1PersonBirthDateTest
Hibernate: select cv1_0.id,cv1_0.classifier_id,cv1_0.description,cv1_0.ic from classifier_values cv1_0 left join classifiers c1_0 on c1_0.id=cv1_0.classifier_id where c1_0.title=? and cv1_0.ic=?
Hibernate: select c1_0.id,c1_0.description,c1_0.title from classifiers c1_0 where c1_0.id=?
Hibernate: select cv1_0.id,cv1_0.classifier_id,cv1_0.description,cv1_0.ic from classifier_values cv1_0 left join classifiers c1_0 on c1_0.id=cv1_0.classifier_id where c1_0.title=? and cv1_0.ic=?
Hibernate: select c1_0.id,c1_0.description,c1_0.title from classifiers c1_0 where c1_0.id=?
Hibernate: select cv1_0.id,cv1_0.classifier_id,cv1_0.description,cv1_0.ic from classifier_values cv1_0 left join classifiers c1_0 on c1_0.id=cv1_0.classifier_id where c1_0.title=? and cv1_0.ic=?
Hibernate: select c1_0.id,c1_0.description,c1_0.title from classifiers c1_0 where c1_0.id=?
2024-12-14 16:47:56,702 [Test worker] INFO  l.j.t.i.r.c.TravelCalculatePremiumRequestExecutionTimeLogger - Request processing time (ms): 9
Hibernate: select cv1_0.id,cv1_0.classifier_id,cv1_0.description,cv1_0.ic from classifier_values cv1_0 left join classifiers c1_0 on c1_0.id=cv1_0.classifier_id where c1_0.title=? and cv1_0.ic=?
Hibernate: select c1_0.id,c1_0.description,c1_0.title from classifiers c1_0 where c1_0.id=?
Hibernate: select cv1_0.id,cv1_0.classifier_id,cv1_0.description,cv1_0.ic from classifier_values cv1_0 left join classifiers c1_0 on c1_0.id=cv1_0.classifier_id where c1_0.title=? and cv1_0.ic=?
Hibernate: select c1_0.id,c1_0.description,c1_0.title from classifiers c1_0 where c1_0.id=?
Hibernate: select cv1_0.id,cv1_0.classifier_id,cv1_0.description,cv1_0.ic from classifier_values cv1_0 left join classifiers c1_0 on c1_0.id=cv1_0.classifier_id where c1_0.title=? and cv1_0.ic=?
Hibernate: select c1_0.id,c1_0.description,c1_0.title from classifiers c1_0 where c1_0.id=?
2024-12-14 16:47:56,717 [Test worker] INFO  l.j.t.i.r.c.TravelCalculatePremiumRequestExecutionTimeLogger - Request processing time (ms): 7
]]></system-out>
  <system-err><![CDATA[]]></system-err>
</testsuite>
