<?xml version="1.0" encoding="UTF-8"?>
<testsuite name="lv.javaguru.travel.insurance.core.repositories.calculation.ClassifierRepositoryTest" tests="3" skipped="0" failures="0" errors="0" timestamp="2024-12-14T13:47:49" hostname="DESKTOP-MNGQN6P" time="0.024">
  <properties/>
  <testcase name="shouldNotFindFakeClassifier()" classname="lv.javaguru.travel.insurance.core.repositories.calculation.ClassifierRepositoryTest" time="0.013"/>
  <testcase name="shouldFindRiskTypeClassifier()" classname="lv.javaguru.travel.insurance.core.repositories.calculation.ClassifierRepositoryTest" time="0.006"/>
  <testcase name="injectedRepositoryAreNotNull()" classname="lv.javaguru.travel.insurance.core.repositories.calculation.ClassifierRepositoryTest" time="0.004"/>
  <system-out><![CDATA[2024-12-14 16:47:49,200 [Test worker] INFO  o.s.t.c.s.AnnotationConfigContextLoaderUtils - Could not detect default configuration classes for test class [lv.javaguru.travel.insurance.core.repositories.calculation.ClassifierRepositoryTest]: ClassifierRepositoryTest does not declare any static, non-private, non-final, nested classes annotated with @Configuration.
2024-12-14 16:47:49,218 [Test worker] INFO  o.s.b.t.c.SpringBootTestContextBootstrapper - Found @SpringBootConfiguration lv.javaguru.travel.insurance.InsuranceApplication for test class lv.javaguru.travel.insurance.core.repositories.calculation.ClassifierRepositoryTest
Hibernate: select c1_0.id,c1_0.description,c1_0.title from classifiers c1_0 where c1_0.title=?
Hibernate: select c1_0.id,c1_0.description,c1_0.title from classifiers c1_0 where c1_0.title=?
]]></system-out>
  <system-err><![CDATA[]]></system-err>
</testsuite>
