<?xml version="1.0" encoding="UTF-8"?>
<testsuite name="lv.javaguru.travel.insurance.core.validations.calculate.agreement.AgreementSelectedRisksAreSupportedValidationTest" tests="1" skipped="0" failures="0" errors="0" timestamp="2024-12-14T13:47:51" hostname="DESKTOP-MNGQN6P" time="0.004">
  <properties/>
  <testcase name="notExistingRiskTest()" classname="lv.javaguru.travel.insurance.core.validations.calculate.agreement.AgreementSelectedRisksAreSupportedValidationTest" time="0.004"/>
  <system-out><![CDATA[]]></system-out>
  <system-err><![CDATA[]]></system-err>
</testsuite>
