<?xml version="1.0" encoding="UTF-8"?>
<testsuite name="lv.javaguru.travel.insurance.core.validations.calculate.person.PersonMedicalRiskLimitLevelValidationTest" tests="2" skipped="0" failures="0" errors="0" timestamp="2024-12-14T13:47:54" hostname="DESKTOP-MNGQN6P" time="0.004">
  <properties/>
  <testcase name="AgreementMedicalRiskLimitLevelExistsTest()" classname="lv.javaguru.travel.insurance.core.validations.calculate.person.PersonMedicalRiskLimitLevelValidationTest" time="0.003"/>
  <testcase name="AgreementMedicalRiskLimitLevelIsNullTest()" classname="lv.javaguru.travel.insurance.core.validations.calculate.person.PersonMedicalRiskLimitLevelValidationTest" time="0.001"/>
  <system-out><![CDATA[]]></system-out>
  <system-err><![CDATA[]]></system-err>
</testsuite>
