<?xml version="1.0" encoding="UTF-8"?>
<testsuite name="lv.javaguru.travel.insurance.core.repositories.get.GetAgreementRepositoryTest" tests="3" skipped="0" failures="0" errors="0" timestamp="2024-12-14T13:47:49" hostname="DESKTOP-MNGQN6P" time="0.011">
  <properties/>
  <testcase name="repositoryNotNull()" classname="lv.javaguru.travel.insurance.core.repositories.get.GetAgreementRepositoryTest" time="0.001"/>
  <testcase name="correctUUID()" classname="lv.javaguru.travel.insurance.core.repositories.get.GetAgreementRepositoryTest" time="0.004"/>
  <testcase name="incorrectUUID()" classname="lv.javaguru.travel.insurance.core.repositories.get.GetAgreementRepositoryTest" time="0.004"/>
  <system-out><![CDATA[2024-12-14 16:47:49,549 [Test worker] INFO  o.s.t.c.s.AnnotationConfigContextLoaderUtils - Could not detect default configuration classes for test class [lv.javaguru.travel.insurance.core.repositories.get.GetAgreementRepositoryTest]: GetAgreementRepositoryTest does not declare any static, non-private, non-final, nested classes annotated with @Configuration.
2024-12-14 16:47:49,567 [Test worker] INFO  o.s.b.t.c.SpringBootTestContextBootstrapper - Found @SpringBootConfiguration lv.javaguru.travel.insurance.InsuranceApplication for test class lv.javaguru.travel.insurance.core.repositories.get.GetAgreementRepositoryTest
Hibernate: select aed1_0.id,aed1_0.cost,aed1_0.country,aed1_0.date_from,aed1_0.date_to,aed1_0.premium,aed1_0.uuid from agreements aed1_0 where aed1_0.uuid=?
Hibernate: select aed1_0.id,aed1_0.cost,aed1_0.country,aed1_0.date_from,aed1_0.date_to,aed1_0.premium,aed1_0.uuid from agreements aed1_0 where aed1_0.uuid=?
]]></system-out>
  <system-err><![CDATA[]]></system-err>
</testsuite>
