<?xml version="1.0" encoding="UTF-8"?>
<testsuite name="lv.javaguru.travel.insurance.core.underwriting.calculators.cancellation.TravelCancellationCostCoefficientTest" tests="1" skipped="0" failures="0" errors="0" timestamp="2024-12-14T13:47:50" hostname="DESKTOP-MNGQN6P" time="0.003">
  <properties/>
  <testcase name="costCoefficientTest()" classname="lv.javaguru.travel.insurance.core.underwriting.calculators.cancellation.TravelCancellationCostCoefficientTest" time="0.003"/>
  <system-out><![CDATA[2024-12-14 16:47:50,688 [Test worker] INFO  o.s.t.c.s.AnnotationConfigContextLoaderUtils - Could not detect default configuration classes for test class [lv.javaguru.travel.insurance.core.underwriting.calculators.cancellation.TravelCancellationCostCoefficientTest]: TravelCancellationCostCoefficientTest does not declare any static, non-private, non-final, nested classes annotated with @Configuration.
]]></system-out>
  <system-err><![CDATA[]]></system-err>
</testsuite>
