<?xml version="1.0" encoding="UTF-8"?>
<testsuite name="lv.javaguru.travel.insurance.core.repositories.calculation.evacuation.TEMedicalCoefficientRepositoryTest" tests="5" skipped="0" failures="0" errors="0" timestamp="2024-12-14T13:47:49" hostname="DESKTOP-MNGQN6P" time="0.02">
  <properties/>
  <testcase name="HardlyIllStatusTest()" classname="lv.javaguru.travel.insurance.core.repositories.calculation.evacuation.TEMedicalCoefficientRepositoryTest" time="0.005"/>
  <testcase name="slightlyIllStatusTest()" classname="lv.javaguru.travel.insurance.core.repositories.calculation.evacuation.TEMedicalCoefficientRepositoryTest" time="0.004"/>
  <testcase name="isNotNull()" classname="lv.javaguru.travel.insurance.core.repositories.calculation.evacuation.TEMedicalCoefficientRepositoryTest" time="0.001"/>
  <testcase name="illStatusTest()" classname="lv.javaguru.travel.insurance.core.repositories.calculation.evacuation.TEMedicalCoefficientRepositoryTest" time="0.004"/>
  <testcase name="perfectlyHealthyStatusTest()" classname="lv.javaguru.travel.insurance.core.repositories.calculation.evacuation.TEMedicalCoefficientRepositoryTest" time="0.004"/>
  <system-out><![CDATA[2024-12-14 16:47:49,462 [Test worker] INFO  o.s.t.c.s.AnnotationConfigContextLoaderUtils - Could not detect default configuration classes for test class [lv.javaguru.travel.insurance.core.repositories.calculation.evacuation.TEMedicalCoefficientRepositoryTest]: TEMedicalCoefficientRepositoryTest does not declare any static, non-private, non-final, nested classes annotated with @Configuration.
2024-12-14 16:47:49,467 [Test worker] INFO  o.s.b.t.c.SpringBootTestContextBootstrapper - Found @SpringBootConfiguration lv.javaguru.travel.insurance.InsuranceApplication for test class lv.javaguru.travel.insurance.core.repositories.calculation.evacuation.TEMedicalCoefficientRepositoryTest
Hibernate: select tcd1_0.id,tcd1_0.coefficient,tcd1_0.ic from travel_evacuation_medical_coefficient tcd1_0 where tcd1_0.ic=?
Hibernate: select tcd1_0.id,tcd1_0.coefficient,tcd1_0.ic from travel_evacuation_medical_coefficient tcd1_0 where tcd1_0.ic=?
Hibernate: select tcd1_0.id,tcd1_0.coefficient,tcd1_0.ic from travel_evacuation_medical_coefficient tcd1_0 where tcd1_0.ic=?
Hibernate: select tcd1_0.id,tcd1_0.coefficient,tcd1_0.ic from travel_evacuation_medical_coefficient tcd1_0 where tcd1_0.ic=?
]]></system-out>
  <system-err><![CDATA[]]></system-err>
</testsuite>
