<?xml version="1.0" encoding="UTF-8"?>
<testsuite name="lv.javaguru.travel.insurance.core.repositories.calculation.evacuation.TEAgeCoefficientRepositoryTest" tests="6" skipped="0" failures="0" errors="0" timestamp="2024-12-14T13:47:49" hostname="DESKTOP-MNGQN6P" time="0.025">
  <properties/>
  <testcase name="TEAgeCoefficientFor4YearsOldTest()" classname="lv.javaguru.travel.insurance.core.repositories.calculation.evacuation.TEAgeCoefficientRepositoryTest" time="0.005"/>
  <testcase name="For130YearOldTest()" classname="lv.javaguru.travel.insurance.core.repositories.calculation.evacuation.TEAgeCoefficientRepositoryTest" time="0.003"/>
  <testcase name="For40YearOldTest()" classname="lv.javaguru.travel.insurance.core.repositories.calculation.evacuation.TEAgeCoefficientRepositoryTest" time="0.003"/>
  <testcase name="For11YearOldTest()" classname="lv.javaguru.travel.insurance.core.repositories.calculation.evacuation.TEAgeCoefficientRepositoryTest" time="0.004"/>
  <testcase name="For18YearOldTest()" classname="lv.javaguru.travel.insurance.core.repositories.calculation.evacuation.TEAgeCoefficientRepositoryTest" time="0.004"/>
  <testcase name="isNotNull()" classname="lv.javaguru.travel.insurance.core.repositories.calculation.evacuation.TEAgeCoefficientRepositoryTest" time="0.002"/>
  <system-out><![CDATA[2024-12-14 16:47:49,412 [Test worker] INFO  o.s.t.c.s.AnnotationConfigContextLoaderUtils - Could not detect default configuration classes for test class [lv.javaguru.travel.insurance.core.repositories.calculation.evacuation.TEAgeCoefficientRepositoryTest]: TEAgeCoefficientRepositoryTest does not declare any static, non-private, non-final, nested classes annotated with @Configuration.
2024-12-14 16:47:49,433 [Test worker] INFO  o.s.b.t.c.SpringBootTestContextBootstrapper - Found @SpringBootConfiguration lv.javaguru.travel.insurance.InsuranceApplication for test class lv.javaguru.travel.insurance.core.repositories.calculation.evacuation.TEAgeCoefficientRepositoryTest
Hibernate: select tcd1_0.id,tcd1_0.age_from,tcd1_0.age_to,tcd1_0.coefficient from travel_evacuation_age_coefficient tcd1_0 where tcd1_0.age_from<=? and tcd1_0.age_to>=?
Hibernate: select tcd1_0.id,tcd1_0.age_from,tcd1_0.age_to,tcd1_0.coefficient from travel_evacuation_age_coefficient tcd1_0 where tcd1_0.age_from<=? and tcd1_0.age_to>=?
Hibernate: select tcd1_0.id,tcd1_0.age_from,tcd1_0.age_to,tcd1_0.coefficient from travel_evacuation_age_coefficient tcd1_0 where tcd1_0.age_from<=? and tcd1_0.age_to>=?
Hibernate: select tcd1_0.id,tcd1_0.age_from,tcd1_0.age_to,tcd1_0.coefficient from travel_evacuation_age_coefficient tcd1_0 where tcd1_0.age_from<=? and tcd1_0.age_to>=?
Hibernate: select tcd1_0.id,tcd1_0.age_from,tcd1_0.age_to,tcd1_0.coefficient from travel_evacuation_age_coefficient tcd1_0 where tcd1_0.age_from<=? and tcd1_0.age_to>=?
]]></system-out>
  <system-err><![CDATA[]]></system-err>
</testsuite>
