<?xml version="1.0" encoding="UTF-8"?>
<testsuite name="lv.javaguru.travel.insurance.core.validations.calculate.person.PersonFirstNameValidationTest" tests="3" skipped="0" failures="0" errors="0" timestamp="2024-12-14T13:47:54" hostname="DESKTOP-MNGQN6P" time="0.003">
  <properties/>
  <testcase name="nullPersonFirstNameTest()" classname="lv.javaguru.travel.insurance.core.validations.calculate.person.PersonFirstNameValidationTest" time="0.0"/>
  <testcase name="correctPersonFirstName()" classname="lv.javaguru.travel.insurance.core.validations.calculate.person.PersonFirstNameValidationTest" time="0.0"/>
  <testcase name="emptyPersonFirstNameTest()" classname="lv.javaguru.travel.insurance.core.validations.calculate.person.PersonFirstNameValidationTest" time="0.001"/>
  <system-out><![CDATA[]]></system-out>
  <system-err><![CDATA[]]></system-err>
</testsuite>
