<?xml version="1.0" encoding="UTF-8"?>
<testsuite name="lv.javaguru.travel.insurance.core.validations.calculate.person.PersonMedicalStatusValidationTest" tests="5" skipped="0" failures="0" errors="0" timestamp="2024-12-14T13:47:54" hostname="DESKTOP-MNGQN6P" time="0.016">
  <properties/>
  <testcase name="correctStatusWithEvacuationRiskTest()" classname="lv.javaguru.travel.insurance.core.validations.calculate.person.PersonMedicalStatusValidationTest" time="0.002"/>
  <testcase name="StatusIsNullEvacuationRiskTest()" classname="lv.javaguru.travel.insurance.core.validations.calculate.person.PersonMedicalStatusValidationTest" time="0.001"/>
  <testcase name="StatusIsNullCancellationRiskTest()" classname="lv.javaguru.travel.insurance.core.validations.calculate.person.PersonMedicalStatusValidationTest" time="0.001"/>
  <testcase name="SelectedRisksIsNullEvacuationRiskTest()" classname="lv.javaguru.travel.insurance.core.validations.calculate.person.PersonMedicalStatusValidationTest" time="0.002"/>
  <testcase name="PersonIsNullEvacuationRiskTest()" classname="lv.javaguru.travel.insurance.core.validations.calculate.person.PersonMedicalStatusValidationTest" time="0.001"/>
  <system-out><![CDATA[2024-12-14 16:47:54,591 [Test worker] INFO  o.s.t.c.s.AnnotationConfigContextLoaderUtils - Could not detect default configuration classes for test class [lv.javaguru.travel.insurance.core.validations.calculate.person.PersonMedicalStatusValidationTest]: PersonMedicalStatusValidationTest does not declare any static, non-private, non-final, nested classes annotated with @Configuration.
]]></system-out>
  <system-err><![CDATA[]]></system-err>
</testsuite>
