<?xml version="1.0" encoding="UTF-8"?>
<testsuite name="lv.javaguru.travel.insurance.core.underwriting.SelectedRiskPremiumCalculatorTest" tests="3" skipped="0" failures="0" errors="0" timestamp="2024-12-14T13:47:50" hostname="DESKTOP-MNGQN6P" time="0.083">
  <properties/>
  <testcase name="calculatePremiumForAllRisksTest()" classname="lv.javaguru.travel.insurance.core.underwriting.SelectedRiskPremiumCalculatorTest" time="0.07"/>
  <testcase name="findCalculatorByIcIncorrectValueTest()" classname="lv.javaguru.travel.insurance.core.underwriting.SelectedRiskPremiumCalculatorTest" time="0.006"/>
  <testcase name="findCalculatorByIcCorrectValueTest()" classname="lv.javaguru.travel.insurance.core.underwriting.SelectedRiskPremiumCalculatorTest" time="0.003"/>
  <system-out><![CDATA[2024-12-14 16:47:50,073 [Test worker] INFO  o.s.t.c.s.AnnotationConfigContextLoaderUtils - Could not detect default configuration classes for test class [lv.javaguru.travel.insurance.core.underwriting.SelectedRiskPremiumCalculatorTest]: SelectedRiskPremiumCalculatorTest does not declare any static, non-private, non-final, nested classes annotated with @Configuration.
]]></system-out>
  <system-err><![CDATA[]]></system-err>
</testsuite>
