<?xml version="1.0" encoding="UTF-8"?>
<testsuite name="lv.javaguru.travel.insurance.core.underwriting.calculators.medical.TravelCalculateMedicalTMAgeCoefficientTest" tests="2" skipped="0" failures="0" errors="0" timestamp="2024-12-14T13:47:51" hostname="DESKTOP-MNGQN6P" time="0.05">
  <properties/>
  <testcase name="MedicalAgeCoefficientCalculatorTest()" classname="lv.javaguru.travel.insurance.core.underwriting.calculators.medical.TravelCalculateMedicalTMAgeCoefficientTest" time="0.041"/>
  <testcase name="MedicalAgeCoefficientCalculatorIntegrationTest()" classname="lv.javaguru.travel.insurance.core.underwriting.calculators.medical.TravelCalculateMedicalTMAgeCoefficientTest" time="0.006"/>
  <system-out><![CDATA[2024-12-14 16:47:51,152 [Test worker] INFO  o.s.t.c.s.AnnotationConfigContextLoaderUtils - Could not detect default configuration classes for test class [lv.javaguru.travel.insurance.core.underwriting.calculators.medical.TravelCalculateMedicalTMAgeCoefficientTest]: TravelCalculateMedicalTMAgeCoefficientTest does not declare any static, non-private, non-final, nested classes annotated with @Configuration.
2024-12-14 16:47:51,163 [Test worker] INFO  o.s.b.t.c.SpringBootTestContextBootstrapper - Found @SpringBootConfiguration lv.javaguru.travel.insurance.InsuranceApplication for test class lv.javaguru.travel.insurance.core.underwriting.calculators.medical.TravelCalculateMedicalTMAgeCoefficientTest
]]></system-out>
  <system-err><![CDATA[]]></system-err>
</testsuite>
