<?xml version="1.0" encoding="UTF-8"?>
<testsuite name="lv.javaguru.travel.insurance.core.repositories.calculation.cancellation.TCCountrySafetyRatingRepositoryTest" tests="5" skipped="0" failures="0" errors="0" timestamp="2024-12-14T13:47:49" hostname="DESKTOP-MNGQN6P" time="0.02">
  <properties/>
  <testcase name="safetyRatingNotExistingCountryTest()" classname="lv.javaguru.travel.insurance.core.repositories.calculation.cancellation.TCCountrySafetyRatingRepositoryTest" time="0.004"/>
  <testcase name="safetyRatingJapanTest()" classname="lv.javaguru.travel.insurance.core.repositories.calculation.cancellation.TCCountrySafetyRatingRepositoryTest" time="0.004"/>
  <testcase name="safetyRatingSpainTest()" classname="lv.javaguru.travel.insurance.core.repositories.calculation.cancellation.TCCountrySafetyRatingRepositoryTest" time="0.004"/>
  <testcase name="repositoryIsNotNUll()" classname="lv.javaguru.travel.insurance.core.repositories.calculation.cancellation.TCCountrySafetyRatingRepositoryTest" time="0.001"/>
  <testcase name="safetyRatingLatviaTest()" classname="lv.javaguru.travel.insurance.core.repositories.calculation.cancellation.TCCountrySafetyRatingRepositoryTest" time="0.004"/>
  <system-out><![CDATA[2024-12-14 16:47:49,351 [Test worker] INFO  o.s.t.c.s.AnnotationConfigContextLoaderUtils - Could not detect default configuration classes for test class [lv.javaguru.travel.insurance.core.repositories.calculation.cancellation.TCCountrySafetyRatingRepositoryTest]: TCCountrySafetyRatingRepositoryTest does not declare any static, non-private, non-final, nested classes annotated with @Configuration.
2024-12-14 16:47:49,356 [Test worker] INFO  o.s.b.t.c.SpringBootTestContextBootstrapper - Found @SpringBootConfiguration lv.javaguru.travel.insurance.InsuranceApplication for test class lv.javaguru.travel.insurance.core.repositories.calculation.cancellation.TCCountrySafetyRatingRepositoryTest
Hibernate: select tsrcd1_0.id,tsrcd1_0.country,tsrcd1_0.rating from travel_cancellation_country_safety_rating_coefficient tsrcd1_0 where tsrcd1_0.country=?
Hibernate: select tsrcd1_0.id,tsrcd1_0.country,tsrcd1_0.rating from travel_cancellation_country_safety_rating_coefficient tsrcd1_0 where tsrcd1_0.country=?
Hibernate: select tsrcd1_0.id,tsrcd1_0.country,tsrcd1_0.rating from travel_cancellation_country_safety_rating_coefficient tsrcd1_0 where tsrcd1_0.country=?
Hibernate: select tsrcd1_0.id,tsrcd1_0.country,tsrcd1_0.rating from travel_cancellation_country_safety_rating_coefficient tsrcd1_0 where tsrcd1_0.country=?
]]></system-out>
  <system-err><![CDATA[]]></system-err>
</testsuite>
