<?xml version="1.0" encoding="UTF-8"?>
<testsuite name="lv.javaguru.travel.insurance.core.util.CalculateAgeUtilTest" tests="1" skipped="0" failures="0" errors="0" timestamp="2024-12-14T13:47:51" hostname="DESKTOP-MNGQN6P" time="0.001">
  <properties/>
  <testcase name="calculateAge()" classname="lv.javaguru.travel.insurance.core.util.CalculateAgeUtilTest" time="0.001"/>
  <system-out><![CDATA[2024-12-14 16:47:51,399 [Test worker] INFO  o.s.t.c.s.AnnotationConfigContextLoaderUtils - Could not detect default configuration classes for test class [lv.javaguru.travel.insurance.core.util.CalculateAgeUtilTest]: CalculateAgeUtilTest does not declare any static, non-private, non-final, nested classes annotated with @Configuration.
]]></system-out>
  <system-err><![CDATA[]]></system-err>
</testsuite>
