<?xml version="1.0" encoding="UTF-8"?>
<testsuite name="lv.javaguru.travel.insurance.core.validations.calculate.agreement.AgreementCountryIsSupportedValidationTest" tests="2" skipped="0" failures="0" errors="0" timestamp="2024-12-14T13:47:51" hostname="DESKTOP-MNGQN6P" time="0.112">
  <properties/>
  <testcase name="correctCountry()" classname="lv.javaguru.travel.insurance.core.validations.calculate.agreement.AgreementCountryIsSupportedValidationTest" time="0.109"/>
  <testcase name="notExistingCountryTest()" classname="lv.javaguru.travel.insurance.core.validations.calculate.agreement.AgreementCountryIsSupportedValidationTest" time="0.002"/>
  <system-out><![CDATA[]]></system-out>
  <system-err><![CDATA[]]></system-err>
</testsuite>
