<?xml version="1.0" encoding="UTF-8"?>
<testsuite name="lv.javaguru.travel.insurance.core.repositories.agreement.SelectedRisksEntityRepositoryTest" tests="3" skipped="0" failures="0" errors="0" timestamp="2024-12-14T13:47:49" hostname="DESKTOP-MNGQN6P" time="0.017">
  <properties/>
  <testcase name="incorrectRiskIc()" classname="lv.javaguru.travel.insurance.core.repositories.agreement.SelectedRisksEntityRepositoryTest" time="0.006"/>
  <testcase name="correctRiskIc()" classname="lv.javaguru.travel.insurance.core.repositories.agreement.SelectedRisksEntityRepositoryTest" time="0.006"/>
  <testcase name="isExistingRepository()" classname="lv.javaguru.travel.insurance.core.repositories.agreement.SelectedRisksEntityRepositoryTest" time="0.003"/>
  <system-out><![CDATA[2024-12-14 16:47:49,175 [Test worker] INFO  o.s.t.c.s.AnnotationConfigContextLoaderUtils - Could not detect default configuration classes for test class [lv.javaguru.travel.insurance.core.repositories.agreement.SelectedRisksEntityRepositoryTest]: SelectedRisksEntityRepositoryTest does not declare any static, non-private, non-final, nested classes annotated with @Configuration.
2024-12-14 16:47:49,181 [Test worker] INFO  o.s.b.t.c.SpringBootTestContextBootstrapper - Found @SpringBootConfiguration lv.javaguru.travel.insurance.InsuranceApplication for test class lv.javaguru.travel.insurance.core.repositories.agreement.SelectedRisksEntityRepositoryTest
Hibernate: select ared1_0.id,ared1_0.agreement,ared1_0.risk_ic from selected_risks ared1_0 left join agreements a1_0 on a1_0.id=ared1_0.agreement where ared1_0.risk_ic=? and a1_0.id=?
Hibernate: select ared1_0.id,ared1_0.agreement,ared1_0.risk_ic from selected_risks ared1_0 left join agreements a1_0 on a1_0.id=ared1_0.agreement where ared1_0.risk_ic=? and a1_0.id=?
Hibernate: select aed1_0.id,aed1_0.cost,aed1_0.country,aed1_0.date_from,aed1_0.date_to,aed1_0.premium,aed1_0.uuid from agreements aed1_0 where aed1_0.id=?
]]></system-out>
  <system-err><![CDATA[]]></system-err>
</testsuite>
