<?xml version="1.0" encoding="UTF-8"?>
<testsuite name="lv.javaguru.travel.insurance.rest.controller_get_test.TravelGetAgreementControllerTestCase1" tests="1" skipped="0" failures="0" errors="0" timestamp="2024-12-14T13:47:55" hostname="DESKTOP-MNGQN6P" time="0.273">
  <properties/>
  <testcase name="execute()" classname="lv.javaguru.travel.insurance.rest.controller_get_test.TravelGetAgreementControllerTestCase1" time="0.273"/>
  <system-out><![CDATA[2024-12-14 16:47:54,643 [Test worker] INFO  o.s.t.c.s.AnnotationConfigContextLoaderUtils - Could not detect default configuration classes for test class [lv.javaguru.travel.insurance.rest.controller_get_test.TravelGetAgreementControllerTestCase1]: TravelGetAgreementControllerTestCase1 does not declare any static, non-private, non-final, nested classes annotated with @Configuration.
2024-12-14 16:47:54,662 [Test worker] INFO  o.s.b.t.c.SpringBootTestContextBootstrapper - Found @SpringBootConfiguration lv.javaguru.travel.insurance.InsuranceApplication for test class lv.javaguru.travel.insurance.rest.controller_get_test.TravelGetAgreementControllerTestCase1

  .   ____          _            __ _ _
 /\\ / ___'_ __ _ _(_)_ __  __ _ \ \ \ \
( ( )\___ | '_ | '_| | '_ \/ _` | \ \ \ \
 \\/  ___)| |_)| | | | | || (_| |  ) ) ) )
  '  |____| .__|_| |_|_| |_\__, | / / / /
 =========|_|==============|___/=/_/_/_/
 :: Spring Boot ::                (v3.2.0)

2024-12-14 16:47:54,684 [Test worker] INFO  l.j.t.i.r.c.TravelGetAgreementControllerTestCase1 - Starting TravelGetAgreementControllerTestCase1 using Java 21.0.5 with PID 8332 (started by User in D:\Leva\Program\repos\My_Portfolio\Insurance_Calculator\student_snezhko_leu_version_2)
2024-12-14 16:47:54,684 [Test worker] INFO  l.j.t.i.r.c.TravelGetAgreementControllerTestCase1 - No active profile set, falling back to 1 default profile: "default"
2024-12-14 16:47:55,001 [Test worker] INFO  o.s.d.r.c.RepositoryConfigurationDelegate - Bootstrapping Spring Data JPA repositories in DEFAULT mode.
2024-12-14 16:47:55,059 [Test worker] INFO  o.s.d.r.c.RepositoryConfigurationDelegate - Finished Spring Data repository scanning in 57 ms. Found 16 JPA repository interfaces.
2024-12-14 16:47:55,144 [Test worker] INFO  com.zaxxer.hikari.HikariDataSource - HikariPool-2 - Starting...
2024-12-14 16:47:55,145 [Test worker] INFO  com.zaxxer.hikari.pool.HikariPool - HikariPool-2 - Added connection conn90: url=jdbc:h2:mem:testdb?serverTimezone=Europe/Minsk user=SA
2024-12-14 16:47:55,145 [Test worker] INFO  com.zaxxer.hikari.HikariDataSource - HikariPool-2 - Start completed.
2024-12-14 16:47:55,205 [Test worker] INFO  o.h.jpa.internal.util.LogHelper - HHH000204: Processing PersistenceUnitInfo [name: default]
2024-12-14 16:47:55,208 [Test worker] INFO  o.h.c.i.RegionFactoryInitiator - HHH000026: Second-level cache disabled
2024-12-14 16:47:55,213 [Test worker] INFO  o.s.o.j.p.SpringPersistenceUnitInfo - No LoadTimeWeaver setup: ignoring JPA class transformer
2024-12-14 16:47:55,215 [Test worker] WARN  org.hibernate.orm.deprecation - HHH90000025: H2Dialect does not need to be specified explicitly using 'hibernate.dialect' (remove the property setting and it will be selected by default)
2024-12-14 16:47:55,388 [Test worker] INFO  o.h.e.t.j.p.i.JtaPlatformInitiator - HHH000489: No JTA platform available (set 'hibernate.transaction.jta.platform' to enable JTA platform integration)
2024-12-14 16:47:55,390 [Test worker] INFO  o.s.o.j.LocalContainerEntityManagerFactoryBean - Initialized JPA EntityManagerFactory for persistence unit 'default'
2024-12-14 16:47:55,602 [Test worker] INFO  o.s.b.f.a.AutowiredAnnotationBeanPostProcessor - Autowired annotation is not supported on static fields: private static lv.javaguru.travel.insurance.core.validations.ValidationErrorFactory lv.javaguru.travel.insurance.core.validations.calculate.person.PersonMedicalStatusErrorGenerator.errorFactory
2024-12-14 16:47:55,634 [Test worker] WARN  o.s.b.a.o.j.JpaBaseConfiguration$JpaWebConfiguration - spring.jpa.open-in-view is enabled by default. Therefore, database queries may be performed during view rendering. Explicitly configure spring.jpa.open-in-view to disable this warning
2024-12-14 16:47:55,769 [Test worker] INFO  o.s.b.t.m.w.SpringBootMockServletContext - Initializing Spring TestDispatcherServlet ''
2024-12-14 16:47:55,769 [Test worker] INFO  o.s.t.w.s.TestDispatcherServlet - Initializing Servlet ''
2024-12-14 16:47:55,772 [Test worker] INFO  o.s.t.w.s.TestDispatcherServlet - Completed initialization in 1 ms
2024-12-14 16:47:55,781 [Test worker] INFO  l.j.t.i.r.c.TravelGetAgreementControllerTestCase1 - Started TravelGetAgreementControllerTestCase1 in 1.116 seconds (process running for 12.173)
Hibernate: select aed1_0.id,aed1_0.cost,aed1_0.country,aed1_0.date_from,aed1_0.date_to,aed1_0.premium,aed1_0.uuid from agreements aed1_0 where aed1_0.uuid=?
Hibernate: select ared1_0.id,ared1_0.agreement,ared1_0.risk_ic from selected_risks ared1_0 left join agreements a1_0 on a1_0.id=ared1_0.agreement where ared1_0.risk_ic=? and a1_0.id=?
Hibernate: select ared1_0.id,ared1_0.agreement,ared1_0.risk_ic from selected_risks ared1_0 left join agreements a1_0 on a1_0.id=ared1_0.agreement where ared1_0.risk_ic=? and a1_0.id=?
Hibernate: select ared1_0.id,ared1_0.agreement,ared1_0.risk_ic from selected_risks ared1_0 left join agreements a1_0 on a1_0.id=ared1_0.agreement where ared1_0.risk_ic=? and a1_0.id=?
Hibernate: select ared1_0.id,ared1_0.agreement,ared1_0.risk_ic from selected_risks ared1_0 left join agreements a1_0 on a1_0.id=ared1_0.agreement where ared1_0.risk_ic=? and a1_0.id=?
Hibernate: select ared1_0.id,ared1_0.agreement,ared1_0.risk_ic from selected_risks ared1_0 left join agreements a1_0 on a1_0.id=ared1_0.agreement where ared1_0.risk_ic=? and a1_0.id=?
Hibernate: select ared1_0.id,ared1_0.agreement,ared1_0.risk_ic from selected_risks ared1_0 left join agreements a1_0 on a1_0.id=ared1_0.agreement where ared1_0.risk_ic=? and a1_0.id=?
Hibernate: select aped1_0.id,aped1_0.agreement,aped1_0.medical_risk_limit_level,aped1_0.person,aped1_0.person_medical_status,aped1_0.premium from agreement_persons aped1_0 where aped1_0.agreement=?
Hibernate: select pd1_0.id,pd1_0.birth_date,pd1_0.first_name,pd1_0.ic,pd1_0.last_name from persons pd1_0 where pd1_0.id=?
Hibernate: select pred1_0.id,pred1_0.person,pred1_0.premium,pred1_0.risk_ic from person_risks pred1_0 left join agreement_persons p1_0 on p1_0.id=pred1_0.person where pred1_0.risk_ic=? and p1_0.id=?
Hibernate: select pred1_0.id,pred1_0.person,pred1_0.premium,pred1_0.risk_ic from person_risks pred1_0 left join agreement_persons p1_0 on p1_0.id=pred1_0.person where pred1_0.risk_ic=? and p1_0.id=?
Hibernate: select pred1_0.id,pred1_0.person,pred1_0.premium,pred1_0.risk_ic from person_risks pred1_0 left join agreement_persons p1_0 on p1_0.id=pred1_0.person where pred1_0.risk_ic=? and p1_0.id=?
Hibernate: select pred1_0.id,pred1_0.person,pred1_0.premium,pred1_0.risk_ic from person_risks pred1_0 left join agreement_persons p1_0 on p1_0.id=pred1_0.person where pred1_0.risk_ic=? and p1_0.id=?
Hibernate: select pred1_0.id,pred1_0.person,pred1_0.premium,pred1_0.risk_ic from person_risks pred1_0 left join agreement_persons p1_0 on p1_0.id=pred1_0.person where pred1_0.risk_ic=? and p1_0.id=?
Hibernate: select pred1_0.id,pred1_0.person,pred1_0.premium,pred1_0.risk_ic from person_risks pred1_0 left join agreement_persons p1_0 on p1_0.id=pred1_0.person where pred1_0.risk_ic=? and p1_0.id=?
]]></system-out>
  <system-err><![CDATA[]]></system-err>
</testsuite>
