<?xml version="1.0" encoding="UTF-8"?>
<testsuite name="lv.javaguru.travel.insurance.core.underwriting.calculators.medical.TravelCalculateMedicalCountryDefaultDayCountTest" tests="2" skipped="0" failures="0" errors="0" timestamp="2024-12-14T13:47:51" hostname="DESKTOP-MNGQN6P" time="0.043">
  <properties/>
  <testcase name="CalculatorMedicalCddrIntegrationTest()" classname="lv.javaguru.travel.insurance.core.underwriting.calculators.medical.TravelCalculateMedicalCountryDefaultDayCountTest" time="0.005"/>
  <testcase name="CalculatorMedicalCddrTest()" classname="lv.javaguru.travel.insurance.core.underwriting.calculators.medical.TravelCalculateMedicalCountryDefaultDayCountTest" time="0.036"/>
  <system-out><![CDATA[2024-12-14 16:47:50,964 [Test worker] INFO  o.s.t.c.s.AnnotationConfigContextLoaderUtils - Could not detect default configuration classes for test class [lv.javaguru.travel.insurance.core.underwriting.calculators.medical.TravelCalculateMedicalCountryDefaultDayCountTest]: TravelCalculateMedicalCountryDefaultDayCountTest does not declare any static, non-private, non-final, nested classes annotated with @Configuration.
2024-12-14 16:47:51,021 [Test worker] INFO  o.s.b.t.c.SpringBootTestContextBootstrapper - Found @SpringBootConfiguration lv.javaguru.travel.insurance.InsuranceApplication for test class lv.javaguru.travel.insurance.core.underwriting.calculators.medical.TravelCalculateMedicalCountryDefaultDayCountTest
]]></system-out>
  <system-err><![CDATA[]]></system-err>
</testsuite>
