<?xml version="1.0" encoding="UTF-8"?>
<testsuite name="lv.javaguru.travel.insurance.core.validations.calculate.integration.AgreementCostValidationTest" tests="3" skipped="0" failures="0" errors="0" timestamp="2024-12-14T13:47:51" hostname="DESKTOP-MNGQN6P" time="0.006">
  <properties/>
  <testcase name="costIsNullTest()" classname="lv.javaguru.travel.insurance.core.validations.calculate.integration.AgreementCostValidationTest" time="0.001"/>
  <testcase name="costIsCorrectTest()" classname="lv.javaguru.travel.insurance.core.validations.calculate.integration.AgreementCostValidationTest" time="0.001"/>
  <testcase name="costIsZeroTest()" classname="lv.javaguru.travel.insurance.core.validations.calculate.integration.AgreementCostValidationTest" time="0.001"/>
  <system-out><![CDATA[2024-12-14 16:47:51,938 [Test worker] INFO  o.s.t.c.s.AnnotationConfigContextLoaderUtils - Could not detect default configuration classes for test class [lv.javaguru.travel.insurance.core.validations.calculate.integration.AgreementCostValidationTest]: AgreementCostValidationTest does not declare any static, non-private, non-final, nested classes annotated with @Configuration.
]]></system-out>
  <system-err><![CDATA[]]></system-err>
</testsuite>
