<?xml version="1.0" encoding="UTF-8"?>
<testsuite name="lv.javaguru.travel.insurance.rest.controller_test.TravelCalculatePremiumControllerTestCase1" tests="1" skipped="0" failures="0" errors="0" timestamp="2024-12-14T12:53:58" hostname="DESKTOP-MNGQN6P" time="0.214">
  <properties/>
  <testcase name="TravelCalculatePremiumControllerTestCase1()" classname="lv.javaguru.travel.insurance.rest.controller_test.TravelCalculatePremiumControllerTestCase1" time="0.214"/>
  <system-out><![CDATA[2024-12-14 15:53:57 [Test worker] INFO  o.s.t.c.s.AnnotationConfigContextLoaderUtils - Could not detect default configuration classes for test class [lv.javaguru.travel.insurance.rest.controller_test.TravelCalculatePremiumControllerTestCase1]: TravelCalculatePremiumControllerTestCase1 does not declare any static, non-private, non-final, nested classes annotated with @Configuration.
2024-12-14 15:53:57 [Test worker] INFO  o.s.b.t.c.SpringBootTestContextBootstrapper - Found @SpringBootConfiguration lv.javaguru.travel.insurance.InsuranceApplication for test class lv.javaguru.travel.insurance.rest.controller_test.TravelCalculatePremiumControllerTestCase1

  .   ____          _            __ _ _
 /\\ / ___'_ __ _ _(_)_ __  __ _ \ \ \ \
( ( )\___ | '_ | '_| | '_ \/ _` | \ \ \ \
 \\/  ___)| |_)| | | | | || (_| |  ) ) ) )
  '  |____| .__|_| |_|_| |_\__, | / / / /
 =========|_|==============|___/=/_/_/_/
 :: Spring Boot ::                (v3.2.0)

2024-12-14 15:53:57 [Test worker] INFO  l.j.t.i.r.c.TravelCalculatePremiumControllerTestCase1 - Starting TravelCalculatePremiumControllerTestCase1 using Java 21.0.5 with PID 3756 (started by User in D:\Leva\Program\repos\My_Portfolio\Insurance_Calculator\student_snezhko_leu)
2024-12-14 15:53:57 [Test worker] INFO  l.j.t.i.r.c.TravelCalculatePremiumControllerTestCase1 - No active profile set, falling back to 1 default profile: "default"
2024-12-14 15:53:58 [Test worker] INFO  o.s.d.r.c.RepositoryConfigurationDelegate - Bootstrapping Spring Data JPA repositories in DEFAULT mode.
2024-12-14 15:53:58 [Test worker] INFO  o.s.d.r.c.RepositoryConfigurationDelegate - Finished Spring Data repository scanning in 20 ms. Found 5 JPA repository interfaces.
2024-12-14 15:53:58 [Test worker] INFO  com.zaxxer.hikari.HikariDataSource - HikariPool-2 - Starting...
2024-12-14 15:53:58 [Test worker] INFO  com.zaxxer.hikari.pool.HikariPool - HikariPool-2 - Added connection conn42: url=jdbc:h2:mem:testdb user=SA
2024-12-14 15:53:58 [Test worker] INFO  com.zaxxer.hikari.HikariDataSource - HikariPool-2 - Start completed.
2024-12-14 15:53:58 [Test worker] INFO  o.h.jpa.internal.util.LogHelper - HHH000204: Processing PersistenceUnitInfo [name: default]
2024-12-14 15:53:58 [Test worker] INFO  o.h.c.i.RegionFactoryInitiator - HHH000026: Second-level cache disabled
2024-12-14 15:53:58 [Test worker] INFO  o.s.o.j.p.SpringPersistenceUnitInfo - No LoadTimeWeaver setup: ignoring JPA class transformer
2024-12-14 15:53:58 [Test worker] WARN  org.hibernate.orm.deprecation - HHH90000025: H2Dialect does not need to be specified explicitly using 'hibernate.dialect' (remove the property setting and it will be selected by default)
2024-12-14 15:53:58 [Test worker] INFO  o.h.e.t.j.p.i.JtaPlatformInitiator - HHH000489: No JTA platform available (set 'hibernate.transaction.jta.platform' to enable JTA platform integration)
2024-12-14 15:53:58 [Test worker] INFO  o.s.o.j.LocalContainerEntityManagerFactoryBean - Initialized JPA EntityManagerFactory for persistence unit 'default'
2024-12-14 15:53:58 [Test worker] WARN  o.s.b.a.o.j.JpaBaseConfiguration$JpaWebConfiguration - spring.jpa.open-in-view is enabled by default. Therefore, database queries may be performed during view rendering. Explicitly configure spring.jpa.open-in-view to disable this warning
2024-12-14 15:53:58 [Test worker] INFO  o.s.b.t.m.w.SpringBootMockServletContext - Initializing Spring TestDispatcherServlet ''
2024-12-14 15:53:58 [Test worker] INFO  o.s.t.w.s.TestDispatcherServlet - Initializing Servlet ''
2024-12-14 15:53:58 [Test worker] INFO  o.s.t.w.s.TestDispatcherServlet - Completed initialization in 9 ms
2024-12-14 15:53:58 [Test worker] INFO  l.j.t.i.r.c.TravelCalculatePremiumControllerTestCase1 - Started TravelCalculatePremiumControllerTestCase1 in 0.52 seconds (process running for 9.662)
2024-12-14 15:53:58 [Test worker] DEBUG org.hibernate.SQL - select cv1_0.id,cv1_0.classifier_id,cv1_0.description,cv1_0.ic from classifier_values cv1_0 left join classifiers c1_0 on c1_0.id=cv1_0.classifier_id where c1_0.title=? and cv1_0.ic=?
Hibernate: select cv1_0.id,cv1_0.classifier_id,cv1_0.description,cv1_0.ic from classifier_values cv1_0 left join classifiers c1_0 on c1_0.id=cv1_0.classifier_id where c1_0.title=? and cv1_0.ic=?
2024-12-14 15:53:58 [Test worker] DEBUG org.hibernate.SQL - select c1_0.id,c1_0.description,c1_0.title from classifiers c1_0 where c1_0.id=?
Hibernate: select c1_0.id,c1_0.description,c1_0.title from classifiers c1_0 where c1_0.id=?
2024-12-14 15:53:58 [Test worker] DEBUG org.hibernate.SQL - select cv1_0.id,cv1_0.classifier_id,cv1_0.description,cv1_0.ic from classifier_values cv1_0 left join classifiers c1_0 on c1_0.id=cv1_0.classifier_id where c1_0.title=? and cv1_0.ic=?
Hibernate: select cv1_0.id,cv1_0.classifier_id,cv1_0.description,cv1_0.ic from classifier_values cv1_0 left join classifiers c1_0 on c1_0.id=cv1_0.classifier_id where c1_0.title=? and cv1_0.ic=?
2024-12-14 15:53:58 [Test worker] DEBUG org.hibernate.SQL - select c1_0.id,c1_0.description,c1_0.title from classifiers c1_0 where c1_0.id=?
Hibernate: select c1_0.id,c1_0.description,c1_0.title from classifiers c1_0 where c1_0.id=?
2024-12-14 15:53:58 [Test worker] DEBUG org.hibernate.SQL - select cv1_0.id,cv1_0.classifier_id,cv1_0.description,cv1_0.ic from classifier_values cv1_0 left join classifiers c1_0 on c1_0.id=cv1_0.classifier_id where c1_0.title=? and cv1_0.ic=?
Hibernate: select cv1_0.id,cv1_0.classifier_id,cv1_0.description,cv1_0.ic from classifier_values cv1_0 left join classifiers c1_0 on c1_0.id=cv1_0.classifier_id where c1_0.title=? and cv1_0.ic=?
2024-12-14 15:53:58 [Test worker] INFO  l.j.t.i.r.l.TravelCalculatePremiumRequestLogger - {"personFirstName":"Vasja","personLastName":"Pupkin","personIc":"PERSON_0","agreementDateFrom":"2050-05-25","agreementDateTo":"2050-05-29","selectedRisks":["TRAVEL_MEDICAL","TRAVEL_CANCELLATION"],"country":"SPAIN","personBirthDate":"2005-09-03","medicalRiskLimitLevel":"LEVEL_20000"}
2024-12-14 15:53:58 [Test worker] DEBUG org.hibernate.SQL - select cddr1_0.id,cddr1_0.country_default_day_rate,cddr1_0.country_ic from country_default_day_rate cddr1_0 where cddr1_0.country_ic=?
Hibernate: select cddr1_0.id,cddr1_0.country_default_day_rate,cddr1_0.country_ic from country_default_day_rate cddr1_0 where cddr1_0.country_ic=?
2024-12-14 15:53:58 [Test worker] DEBUG org.hibernate.SQL - select ac1_0.id,ac1_0.age_from,ac1_0.age_to,ac1_0.coefficient from age_coefficient ac1_0 where ac1_0.age_from<=? and ac1_0.age_to>=?
Hibernate: select ac1_0.id,ac1_0.age_from,ac1_0.age_to,ac1_0.coefficient from age_coefficient ac1_0 where ac1_0.age_from<=? and ac1_0.age_to>=?
2024-12-14 15:53:58 [Test worker] DEBUG org.hibernate.SQL - select mrll1_0.id,mrll1_0.coefficient,mrll1_0.medical_risk_limit_level_ic from medical_risk_limit_level mrll1_0 where mrll1_0.medical_risk_limit_level_ic=?
Hibernate: select mrll1_0.id,mrll1_0.coefficient,mrll1_0.medical_risk_limit_level_ic from medical_risk_limit_level mrll1_0 where mrll1_0.medical_risk_limit_level_ic=?
2024-12-14 15:53:58 [Test worker] DEBUG org.hibernate.SQL - select cddr1_0.id,cddr1_0.country_default_day_rate,cddr1_0.country_ic from country_default_day_rate cddr1_0 where cddr1_0.country_ic=?
Hibernate: select cddr1_0.id,cddr1_0.country_default_day_rate,cddr1_0.country_ic from country_default_day_rate cddr1_0 where cddr1_0.country_ic=?
2024-12-14 15:53:58 [Test worker] DEBUG org.hibernate.SQL - select ac1_0.id,ac1_0.age_from,ac1_0.age_to,ac1_0.coefficient from age_coefficient ac1_0 where ac1_0.age_from<=? and ac1_0.age_to>=?
Hibernate: select ac1_0.id,ac1_0.age_from,ac1_0.age_to,ac1_0.coefficient from age_coefficient ac1_0 where ac1_0.age_from<=? and ac1_0.age_to>=?
2024-12-14 15:53:58 [Test worker] DEBUG org.hibernate.SQL - select mrll1_0.id,mrll1_0.coefficient,mrll1_0.medical_risk_limit_level_ic from medical_risk_limit_level mrll1_0 where mrll1_0.medical_risk_limit_level_ic=?
Hibernate: select mrll1_0.id,mrll1_0.coefficient,mrll1_0.medical_risk_limit_level_ic from medical_risk_limit_level mrll1_0 where mrll1_0.medical_risk_limit_level_ic=?
2024-12-14 15:53:58 [Test worker] INFO  l.j.t.i.r.l.TravelCalculatePremiumRequestExecutionTimeLogger - Request processing time (ms): 39
2024-12-14 15:53:58 [Test worker] INFO  l.j.t.i.r.l.TravelCalculatePremiumResponseLogger - {"errors":null,"personFirstName":"Vasja","personLastName":"Pupkin","personIc":"PERSON_0","agreementDateFrom":"2050-05-25","agreementDateTo":"2050-05-29","agreementPremium":16.50,"risks":[{"riskIc":"TRAVEL_MEDICAL","premium":16.500000},{"riskIc":"TRAVEL_CANCELLATION","premium":0}],"country":"SPAIN","personBirthDate":"2005-09-03","medicalRiskLimitLevel":"LEVEL_20000"}
]]></system-out>
  <system-err><![CDATA[]]></system-err>
</testsuite>
