<?xml version="1.0" encoding="UTF-8"?>
<testsuite name="lv.javaguru.travel.insurance.core.validationTests.TravelRequestCountryIsNotNullValidationTest" tests="2" skipped="0" failures="0" errors="0" timestamp="2024-12-14T12:53:57" hostname="DESKTOP-MNGQN6P" time="0.003">
  <properties/>
  <testcase name="TravelCalculatePremiumRequestValidatorCountryNotEmptyTest()" classname="lv.javaguru.travel.insurance.core.validationTests.TravelRequestCountryIsNotNullValidationTest" time="0.001"/>
  <testcase name="TravelCalculatePremiumRequestValidatorCountryNotNullTest()" classname="lv.javaguru.travel.insurance.core.validationTests.TravelRequestCountryIsNotNullValidationTest" time="0.001"/>
  <system-out><![CDATA[]]></system-out>
  <system-err><![CDATA[]]></system-err>
</testsuite>
