<?xml version="1.0" encoding="UTF-8"?>
<testsuite name="lv.javaguru.travel.insurance.core.util.TravelCalculatePremiumValidationErrorsUtilTest" tests="4" skipped="0" failures="0" errors="0" timestamp="2024-12-14T12:53:57" hostname="DESKTOP-MNGQN6P" time="0.005">
  <properties/>
  <testcase name="ValidationErrorsUtilIsNotNull()" classname="lv.javaguru.travel.insurance.core.util.TravelCalculatePremiumValidationErrorsUtilTest" time="0.0"/>
  <testcase name="ValidationErrorsUtilGetCorrectDescriptionByErrorCodeTest()" classname="lv.javaguru.travel.insurance.core.util.TravelCalculatePremiumValidationErrorsUtilTest" time="0.0"/>
  <testcase name="ErrorsUtilGetDescriptionWithTwoPlaceholdersTest()" classname="lv.javaguru.travel.insurance.core.util.TravelCalculatePremiumValidationErrorsUtilTest" time="0.002"/>
  <testcase name="ErrorsUtilGetCorrectDescriptionWithPlaceholderTest()" classname="lv.javaguru.travel.insurance.core.util.TravelCalculatePremiumValidationErrorsUtilTest" time="0.001"/>
  <system-out><![CDATA[]]></system-out>
  <system-err><![CDATA[]]></system-err>
</testsuite>
