<?xml version="1.0" encoding="UTF-8"?>
<testsuite name="lv.javaguru.travel.insurance.core.validationTests.TravelRequestPersonBirthDateNotInFutureValidationTest" tests="1" skipped="0" failures="0" errors="0" timestamp="2024-12-14T12:53:57" hostname="DESKTOP-MNGQN6P" time="0.002">
  <properties/>
  <testcase name="personBirthDateNotInFutureValidationTest()" classname="lv.javaguru.travel.insurance.core.validationTests.TravelRequestPersonBirthDateNotInFutureValidationTest" time="0.002"/>
  <system-out><![CDATA[]]></system-out>
  <system-err><![CDATA[]]></system-err>
</testsuite>
