<?xml version="1.0" encoding="UTF-8"?>
<testsuite name="lv.javaguru.travel.insurance.core.repositories.ClassifierValueRepositoryTest" tests="5" skipped="0" failures="0" errors="0" timestamp="2024-12-14T12:53:55" hostname="DESKTOP-MNGQN6P" time="0.055">
  <properties/>
  <testcase name="shouldFind_RiskType_TRAVEL_SPORT_ACTIVITIES()" classname="lv.javaguru.travel.insurance.core.repositories.ClassifierValueRepositoryTest" time="0.029"/>
  <testcase name="shouldFind_RiskType_TRAVEL_THIRD_PARTY_LIABILITY()" classname="lv.javaguru.travel.insurance.core.repositories.ClassifierValueRepositoryTest" time="0.006"/>
  <testcase name="shouldNotFind_RiskType_FAKE()" classname="lv.javaguru.travel.insurance.core.repositories.ClassifierValueRepositoryTest" time="0.007"/>
  <testcase name="shouldFind_RiskType_TRAVEL_EVACUATION()" classname="lv.javaguru.travel.insurance.core.repositories.ClassifierValueRepositoryTest" time="0.007"/>
  <testcase name="injectedRepositoryAreNotNull()" classname="lv.javaguru.travel.insurance.core.repositories.ClassifierValueRepositoryTest" time="0.002"/>
  <system-out><![CDATA[2024-12-14 15:53:55 [Test worker] INFO  o.s.t.c.s.AnnotationConfigContextLoaderUtils - Could not detect default configuration classes for test class [lv.javaguru.travel.insurance.core.repositories.ClassifierValueRepositoryTest]: ClassifierValueRepositoryTest does not declare any static, non-private, non-final, nested classes annotated with @Configuration.
2024-12-14 15:53:55 [Test worker] INFO  o.s.b.t.c.SpringBootTestContextBootstrapper - Found @SpringBootConfiguration lv.javaguru.travel.insurance.InsuranceApplication for test class lv.javaguru.travel.insurance.core.repositories.ClassifierValueRepositoryTest
2024-12-14 15:53:55 [Test worker] DEBUG org.hibernate.SQL - select cv1_0.id,cv1_0.classifier_id,cv1_0.description,cv1_0.ic from classifier_values cv1_0 left join classifiers c1_0 on c1_0.id=cv1_0.classifier_id where c1_0.title=? and cv1_0.ic=?
Hibernate: select cv1_0.id,cv1_0.classifier_id,cv1_0.description,cv1_0.ic from classifier_values cv1_0 left join classifiers c1_0 on c1_0.id=cv1_0.classifier_id where c1_0.title=? and cv1_0.ic=?
2024-12-14 15:53:55 [Test worker] DEBUG org.hibernate.SQL - select c1_0.id,c1_0.description,c1_0.title from classifiers c1_0 where c1_0.id=?
Hibernate: select c1_0.id,c1_0.description,c1_0.title from classifiers c1_0 where c1_0.id=?
2024-12-14 15:53:55 [Test worker] DEBUG org.hibernate.SQL - select cv1_0.id,cv1_0.classifier_id,cv1_0.description,cv1_0.ic from classifier_values cv1_0 left join classifiers c1_0 on c1_0.id=cv1_0.classifier_id where c1_0.title=? and cv1_0.ic=?
Hibernate: select cv1_0.id,cv1_0.classifier_id,cv1_0.description,cv1_0.ic from classifier_values cv1_0 left join classifiers c1_0 on c1_0.id=cv1_0.classifier_id where c1_0.title=? and cv1_0.ic=?
2024-12-14 15:53:55 [Test worker] DEBUG org.hibernate.SQL - select c1_0.id,c1_0.description,c1_0.title from classifiers c1_0 where c1_0.id=?
Hibernate: select c1_0.id,c1_0.description,c1_0.title from classifiers c1_0 where c1_0.id=?
2024-12-14 15:53:55 [Test worker] DEBUG org.hibernate.SQL - select cv1_0.id,cv1_0.classifier_id,cv1_0.description,cv1_0.ic from classifier_values cv1_0 left join classifiers c1_0 on c1_0.id=cv1_0.classifier_id where c1_0.title=? and cv1_0.ic=?
Hibernate: select cv1_0.id,cv1_0.classifier_id,cv1_0.description,cv1_0.ic from classifier_values cv1_0 left join classifiers c1_0 on c1_0.id=cv1_0.classifier_id where c1_0.title=? and cv1_0.ic=?
2024-12-14 15:53:55 [Test worker] DEBUG org.hibernate.SQL - select cv1_0.id,cv1_0.classifier_id,cv1_0.description,cv1_0.ic from classifier_values cv1_0 left join classifiers c1_0 on c1_0.id=cv1_0.classifier_id where c1_0.title=? and cv1_0.ic=?
Hibernate: select cv1_0.id,cv1_0.classifier_id,cv1_0.description,cv1_0.ic from classifier_values cv1_0 left join classifiers c1_0 on c1_0.id=cv1_0.classifier_id where c1_0.title=? and cv1_0.ic=?
2024-12-14 15:53:55 [Test worker] DEBUG org.hibernate.SQL - select c1_0.id,c1_0.description,c1_0.title from classifiers c1_0 where c1_0.id=?
Hibernate: select c1_0.id,c1_0.description,c1_0.title from classifiers c1_0 where c1_0.id=?
]]></system-out>
  <system-err><![CDATA[]]></system-err>
</testsuite>
