<?xml version="1.0" encoding="UTF-8"?>
<testsuite name="lv.javaguru.travel.insurance.core.repositories.MedicalRiskLimitLevelRepositoryTest" tests="5" skipped="0" failures="0" errors="0" timestamp="2024-12-14T12:53:55" hostname="DESKTOP-MNGQN6P" time="0.025">
  <properties/>
  <testcase name="MedicalRiskLimitLevelRepositoryLevel10000Test()" classname="lv.javaguru.travel.insurance.core.repositories.MedicalRiskLimitLevelRepositoryTest" time="0.006"/>
  <testcase name="MedicalRiskLimitLevelRepositoryLevel15000Test()" classname="lv.javaguru.travel.insurance.core.repositories.MedicalRiskLimitLevelRepositoryTest" time="0.005"/>
  <testcase name="MedicalRiskLimitLevelRepositoryLevel50000Test()" classname="lv.javaguru.travel.insurance.core.repositories.MedicalRiskLimitLevelRepositoryTest" time="0.004"/>
  <testcase name="MedicalRiskLimitLevelRepositoryLevel20000Test()" classname="lv.javaguru.travel.insurance.core.repositories.MedicalRiskLimitLevelRepositoryTest" time="0.004"/>
  <testcase name="MedicalRiskLimitLevelRepositoryNotNullTest()" classname="lv.javaguru.travel.insurance.core.repositories.MedicalRiskLimitLevelRepositoryTest" time="0.003"/>
  <system-out><![CDATA[2024-12-14 15:53:55 [Test worker] INFO  o.s.t.c.s.AnnotationConfigContextLoaderUtils - Could not detect default configuration classes for test class [lv.javaguru.travel.insurance.core.repositories.MedicalRiskLimitLevelRepositoryTest]: MedicalRiskLimitLevelRepositoryTest does not declare any static, non-private, non-final, nested classes annotated with @Configuration.
2024-12-14 15:53:55 [Test worker] INFO  o.s.b.t.c.SpringBootTestContextBootstrapper - Found @SpringBootConfiguration lv.javaguru.travel.insurance.InsuranceApplication for test class lv.javaguru.travel.insurance.core.repositories.MedicalRiskLimitLevelRepositoryTest
2024-12-14 15:53:55 [Test worker] DEBUG org.hibernate.SQL - select mrll1_0.id,mrll1_0.coefficient,mrll1_0.medical_risk_limit_level_ic from medical_risk_limit_level mrll1_0 where mrll1_0.medical_risk_limit_level_ic=?
Hibernate: select mrll1_0.id,mrll1_0.coefficient,mrll1_0.medical_risk_limit_level_ic from medical_risk_limit_level mrll1_0 where mrll1_0.medical_risk_limit_level_ic=?
2024-12-14 15:53:55 [Test worker] DEBUG org.hibernate.SQL - select mrll1_0.id,mrll1_0.coefficient,mrll1_0.medical_risk_limit_level_ic from medical_risk_limit_level mrll1_0 where mrll1_0.medical_risk_limit_level_ic=?
Hibernate: select mrll1_0.id,mrll1_0.coefficient,mrll1_0.medical_risk_limit_level_ic from medical_risk_limit_level mrll1_0 where mrll1_0.medical_risk_limit_level_ic=?
2024-12-14 15:53:55 [Test worker] DEBUG org.hibernate.SQL - select mrll1_0.id,mrll1_0.coefficient,mrll1_0.medical_risk_limit_level_ic from medical_risk_limit_level mrll1_0 where mrll1_0.medical_risk_limit_level_ic=?
Hibernate: select mrll1_0.id,mrll1_0.coefficient,mrll1_0.medical_risk_limit_level_ic from medical_risk_limit_level mrll1_0 where mrll1_0.medical_risk_limit_level_ic=?
2024-12-14 15:53:55 [Test worker] DEBUG org.hibernate.SQL - select mrll1_0.id,mrll1_0.coefficient,mrll1_0.medical_risk_limit_level_ic from medical_risk_limit_level mrll1_0 where mrll1_0.medical_risk_limit_level_ic=?
Hibernate: select mrll1_0.id,mrll1_0.coefficient,mrll1_0.medical_risk_limit_level_ic from medical_risk_limit_level mrll1_0 where mrll1_0.medical_risk_limit_level_ic=?
]]></system-out>
  <system-err><![CDATA[]]></system-err>
</testsuite>
