<?xml version="1.0" encoding="UTF-8"?>
<testsuite name="lv.javaguru.travel.insurance.core.repositories.CountryDefaultDayRateTest" tests="5" skipped="0" failures="0" errors="0" timestamp="2024-12-14T12:53:55" hostname="DESKTOP-MNGQN6P" time="0.025">
  <properties/>
  <testcase name="returnCorrectValueJapanTest()" classname="lv.javaguru.travel.insurance.core.repositories.CountryDefaultDayRateTest" time="0.006"/>
  <testcase name="processIncorrectValueTest()" classname="lv.javaguru.travel.insurance.core.repositories.CountryDefaultDayRateTest" time="0.005"/>
  <testcase name="notNullRepository()" classname="lv.javaguru.travel.insurance.core.repositories.CountryDefaultDayRateTest" time="0.003"/>
  <testcase name="returnCorrectValueSpainTest()" classname="lv.javaguru.travel.insurance.core.repositories.CountryDefaultDayRateTest" time="0.004"/>
  <testcase name="returnCorrectValueLatviaTest()" classname="lv.javaguru.travel.insurance.core.repositories.CountryDefaultDayRateTest" time="0.005"/>
  <system-out><![CDATA[2024-12-14 15:53:55 [Test worker] INFO  o.s.t.c.s.AnnotationConfigContextLoaderUtils - Could not detect default configuration classes for test class [lv.javaguru.travel.insurance.core.repositories.CountryDefaultDayRateTest]: CountryDefaultDayRateTest does not declare any static, non-private, non-final, nested classes annotated with @Configuration.
2024-12-14 15:53:55 [Test worker] INFO  o.s.b.t.c.SpringBootTestContextBootstrapper - Found @SpringBootConfiguration lv.javaguru.travel.insurance.InsuranceApplication for test class lv.javaguru.travel.insurance.core.repositories.CountryDefaultDayRateTest
2024-12-14 15:53:55 [Test worker] DEBUG org.hibernate.SQL - select cddr1_0.id,cddr1_0.country_default_day_rate,cddr1_0.country_ic from country_default_day_rate cddr1_0 where cddr1_0.country_ic=?
Hibernate: select cddr1_0.id,cddr1_0.country_default_day_rate,cddr1_0.country_ic from country_default_day_rate cddr1_0 where cddr1_0.country_ic=?
2024-12-14 15:53:55 [Test worker] DEBUG org.hibernate.SQL - select cddr1_0.id,cddr1_0.country_default_day_rate,cddr1_0.country_ic from country_default_day_rate cddr1_0 where cddr1_0.country_ic=?
Hibernate: select cddr1_0.id,cddr1_0.country_default_day_rate,cddr1_0.country_ic from country_default_day_rate cddr1_0 where cddr1_0.country_ic=?
2024-12-14 15:53:55 [Test worker] DEBUG org.hibernate.SQL - select cddr1_0.id,cddr1_0.country_default_day_rate,cddr1_0.country_ic from country_default_day_rate cddr1_0 where cddr1_0.country_ic=?
Hibernate: select cddr1_0.id,cddr1_0.country_default_day_rate,cddr1_0.country_ic from country_default_day_rate cddr1_0 where cddr1_0.country_ic=?
2024-12-14 15:53:55 [Test worker] DEBUG org.hibernate.SQL - select cddr1_0.id,cddr1_0.country_default_day_rate,cddr1_0.country_ic from country_default_day_rate cddr1_0 where cddr1_0.country_ic=?
Hibernate: select cddr1_0.id,cddr1_0.country_default_day_rate,cddr1_0.country_ic from country_default_day_rate cddr1_0 where cddr1_0.country_ic=?
]]></system-out>
  <system-err><![CDATA[]]></system-err>
</testsuite>
