<?xml version="1.0" encoding="UTF-8"?>
<testsuite name="lv.javaguru.travel.insurance.core.repositories.ClassifierRepositoryTest" tests="3" skipped="0" failures="0" errors="0" timestamp="2024-12-14T12:53:55" hostname="DESKTOP-MNGQN6P" time="0.066">
  <properties/>
  <testcase name="shouldNotFindFakeClassifier()" classname="lv.javaguru.travel.insurance.core.repositories.ClassifierRepositoryTest" time="0.052"/>
  <testcase name="shouldFindRiskTypeClassifier()" classname="lv.javaguru.travel.insurance.core.repositories.ClassifierRepositoryTest" time="0.007"/>
  <testcase name="hasNotNullRepository()" classname="lv.javaguru.travel.insurance.core.repositories.ClassifierRepositoryTest" time="0.004"/>
  <system-out><![CDATA[2024-12-14 15:53:55 [Test worker] INFO  o.s.t.c.s.AnnotationConfigContextLoaderUtils - Could not detect default configuration classes for test class [lv.javaguru.travel.insurance.core.repositories.ClassifierRepositoryTest]: ClassifierRepositoryTest does not declare any static, non-private, non-final, nested classes annotated with @Configuration.
2024-12-14 15:53:55 [Test worker] INFO  o.s.b.t.c.SpringBootTestContextBootstrapper - Found @SpringBootConfiguration lv.javaguru.travel.insurance.InsuranceApplication for test class lv.javaguru.travel.insurance.core.repositories.ClassifierRepositoryTest
2024-12-14 15:53:55 [Test worker] DEBUG org.hibernate.SQL - select c1_0.id,c1_0.description,c1_0.title from classifiers c1_0 where c1_0.title=?
Hibernate: select c1_0.id,c1_0.description,c1_0.title from classifiers c1_0 where c1_0.title=?
2024-12-14 15:53:55 [Test worker] DEBUG org.hibernate.SQL - select c1_0.id,c1_0.description,c1_0.title from classifiers c1_0 where c1_0.title=?
Hibernate: select c1_0.id,c1_0.description,c1_0.title from classifiers c1_0 where c1_0.title=?
]]></system-out>
  <system-err><![CDATA[]]></system-err>
</testsuite>
