<?xml version="1.0" encoding="UTF-8"?>
<testsuite name="lv.javaguru.travel.insurance.core.underwriting.calculators.medical.TravelCalculateInsuranceLimitCoefficientTest" tests="1" skipped="0" failures="0" errors="0" timestamp="2024-12-14T12:53:57" hostname="DESKTOP-MNGQN6P" time="0.031">
  <properties/>
  <testcase name="TravelCalculateInsuranceLimitCoefficientCorrectValueTest()" classname="lv.javaguru.travel.insurance.core.underwriting.calculators.medical.TravelCalculateInsuranceLimitCoefficientTest" time="0.031"/>
  <system-out><![CDATA[2024-12-14 15:53:57 [Test worker] INFO  o.s.t.c.s.AnnotationConfigContextLoaderUtils - Could not detect default configuration classes for test class [lv.javaguru.travel.insurance.core.underwriting.calculators.medical.TravelCalculateInsuranceLimitCoefficientTest]: TravelCalculateInsuranceLimitCoefficientTest does not declare any static, non-private, non-final, nested classes annotated with @Configuration.
]]></system-out>
  <system-err><![CDATA[]]></system-err>
</testsuite>
