<?xml version="1.0" encoding="UTF-8"?>
<testsuite name="lv.javaguru.travel.insurance.rest.controller_test.TravelCalculatePremiumControllerTestCase6" tests="1" skipped="0" failures="0" errors="0" timestamp="2024-12-14T12:53:58" hostname="DESKTOP-MNGQN6P" time="0.01">
  <properties/>
  <testcase name="TravelCalculatePremiumControllerTestCase6()" classname="lv.javaguru.travel.insurance.rest.controller_test.TravelCalculatePremiumControllerTestCase6" time="0.01"/>
  <system-out><![CDATA[2024-12-14 15:53:58 [Test worker] INFO  o.s.t.c.s.AnnotationConfigContextLoaderUtils - Could not detect default configuration classes for test class [lv.javaguru.travel.insurance.rest.controller_test.TravelCalculatePremiumControllerTestCase6]: TravelCalculatePremiumControllerTestCase6 does not declare any static, non-private, non-final, nested classes annotated with @Configuration.
2024-12-14 15:53:58 [Test worker] INFO  o.s.b.t.c.SpringBootTestContextBootstrapper - Found @SpringBootConfiguration lv.javaguru.travel.insurance.InsuranceApplication for test class lv.javaguru.travel.insurance.rest.controller_test.TravelCalculatePremiumControllerTestCase6
2024-12-14 15:53:58 [Test worker] DEBUG org.hibernate.SQL - select cv1_0.id,cv1_0.classifier_id,cv1_0.description,cv1_0.ic from classifier_values cv1_0 left join classifiers c1_0 on c1_0.id=cv1_0.classifier_id where c1_0.title=? and cv1_0.ic=?
Hibernate: select cv1_0.id,cv1_0.classifier_id,cv1_0.description,cv1_0.ic from classifier_values cv1_0 left join classifiers c1_0 on c1_0.id=cv1_0.classifier_id where c1_0.title=? and cv1_0.ic=?
2024-12-14 15:53:58 [Test worker] DEBUG org.hibernate.SQL - select c1_0.id,c1_0.description,c1_0.title from classifiers c1_0 where c1_0.id=?
Hibernate: select c1_0.id,c1_0.description,c1_0.title from classifiers c1_0 where c1_0.id=?
2024-12-14 15:53:58 [Test worker] INFO  l.j.t.i.r.l.TravelCalculatePremiumRequestLogger - {"personFirstName":"Vasja","personLastName":"Pupkin","personIc":"PERSON_0","agreementDateFrom":"2026-05-25","agreementDateTo":"2026-05-29","selectedRisks":null,"country":"SPAIN","personBirthDate":"2005-09-03","medicalRiskLimitLevel":"LEVEL_10000"}
2024-12-14 15:53:58 [Test worker] INFO  l.j.t.i.r.l.TravelCalculatePremiumRequestExecutionTimeLogger - Request processing time (ms): 3
2024-12-14 15:53:58 [Test worker] INFO  l.j.t.i.r.l.TravelCalculatePremiumResponseLogger - {"errors":[{"errorCode":"ERROR_CODE_8","description":"Field selected_risks is null!"}],"personFirstName":null,"personLastName":null,"personIc":null,"agreementDateFrom":null,"agreementDateTo":null,"agreementPremium":null,"risks":null,"country":null,"personBirthDate":null,"medicalRiskLimitLevel":null}
]]></system-out>
  <system-err><![CDATA[]]></system-err>
</testsuite>
