<?xml version="1.0" encoding="UTF-8"?>
<testsuite name="lv.javaguru.travel.insurance.core.underwriting.SelectedRisksPremiumCalculatorTest" tests="3" skipped="0" failures="0" errors="0" timestamp="2024-12-14T12:53:57" hostname="DESKTOP-MNGQN6P" time="0.061">
  <properties/>
  <testcase name="calculatePremiumForAllRisksTest()" classname="lv.javaguru.travel.insurance.core.underwriting.SelectedRisksPremiumCalculatorTest" time="0.055"/>
  <testcase name="findCalculatorByIcIncorrectValueTest()" classname="lv.javaguru.travel.insurance.core.underwriting.SelectedRisksPremiumCalculatorTest" time="0.004"/>
  <testcase name="findCalculatorByIcCorrectValueTest()" classname="lv.javaguru.travel.insurance.core.underwriting.SelectedRisksPremiumCalculatorTest" time="0.001"/>
  <system-out><![CDATA[]]></system-out>
  <system-err><![CDATA[]]></system-err>
</testsuite>
