<?xml version="1.0" encoding="UTF-8"?>
<testsuite name="lv.javaguru.travel.insurance.core.services.TravelCalculatePremiumServiceImplTest" tests="6" skipped="0" failures="0" errors="0" timestamp="2024-12-14T12:53:57" hostname="DESKTOP-MNGQN6P" time="0.059">
  <properties/>
  <testcase name="hasErrorsTest()" classname="lv.javaguru.travel.insurance.core.services.TravelCalculatePremiumServiceImplTest" time="0.026"/>
  <testcase name="correctReturnResponsesFirstNameTest()" classname="lv.javaguru.travel.insurance.core.services.TravelCalculatePremiumServiceImplTest" time="0.005"/>
  <testcase name="correctReturnResponsesLastNameTest()" classname="lv.javaguru.travel.insurance.core.services.TravelCalculatePremiumServiceImplTest" time="0.004"/>
  <testcase name="validationErrorsTest()" classname="lv.javaguru.travel.insurance.core.services.TravelCalculatePremiumServiceImplTest" time="0.004"/>
  <testcase name="correctReturnResponsesDateFromTest()" classname="lv.javaguru.travel.insurance.core.services.TravelCalculatePremiumServiceImplTest" time="0.004"/>
  <testcase name="correctReturnResponsesDateToTest()" classname="lv.javaguru.travel.insurance.core.services.TravelCalculatePremiumServiceImplTest" time="0.004"/>
  <system-out><![CDATA[2024-12-14 15:53:55 [Test worker] INFO  o.s.t.c.s.AnnotationConfigContextLoaderUtils - Could not detect default configuration classes for test class [lv.javaguru.travel.insurance.core.services.TravelCalculatePremiumServiceImplTest]: TravelCalculatePremiumServiceImplTest does not declare any static, non-private, non-final, nested classes annotated with @Configuration.
2024-12-14 15:53:55 [Test worker] INFO  o.s.b.t.c.SpringBootTestContextBootstrapper - Found @SpringBootConfiguration lv.javaguru.travel.insurance.InsuranceApplication for test class lv.javaguru.travel.insurance.core.services.TravelCalculatePremiumServiceImplTest

  .   ____          _            __ _ _
 /\\ / ___'_ __ _ _(_)_ __  __ _ \ \ \ \
( ( )\___ | '_ | '_| | '_ \/ _` | \ \ \ \
 \\/  ___)| |_)| | | | | || (_| |  ) ) ) )
  '  |____| .__|_| |_|_| |_\__, | / / / /
 =========|_|==============|___/=/_/_/_/
 :: Spring Boot ::                (v3.2.0)

2024-12-14 15:53:55 [Test worker] INFO  l.j.t.i.c.s.TravelCalculatePremiumServiceImplTest - Starting TravelCalculatePremiumServiceImplTest using Java 21.0.5 with PID 3756 (started by User in D:\Leva\Program\repos\My_Portfolio\Insurance_Calculator\student_snezhko_leu)
2024-12-14 15:53:55 [Test worker] INFO  l.j.t.i.c.s.TravelCalculatePremiumServiceImplTest - No active profile set, falling back to 1 default profile: "default"
2024-12-14 15:53:55 [Test worker] INFO  o.s.d.r.c.RepositoryConfigurationDelegate - Bootstrapping Spring Data JPA repositories in DEFAULT mode.
2024-12-14 15:53:55 [Test worker] INFO  o.s.d.r.c.RepositoryConfigurationDelegate - Finished Spring Data repository scanning in 22 ms. Found 5 JPA repository interfaces.
2024-12-14 15:53:56 [Test worker] INFO  com.zaxxer.hikari.HikariDataSource - HikariPool-1 - Starting...
2024-12-14 15:53:56 [Test worker] INFO  com.zaxxer.hikari.pool.HikariPool - HikariPool-1 - Added connection conn30: url=jdbc:h2:mem:testdb user=SA
2024-12-14 15:53:56 [Test worker] INFO  com.zaxxer.hikari.HikariDataSource - HikariPool-1 - Start completed.
2024-12-14 15:53:56 [Test worker] INFO  o.h.jpa.internal.util.LogHelper - HHH000204: Processing PersistenceUnitInfo [name: default]
2024-12-14 15:53:56 [Test worker] INFO  o.h.c.i.RegionFactoryInitiator - HHH000026: Second-level cache disabled
2024-12-14 15:53:56 [Test worker] INFO  o.s.o.j.p.SpringPersistenceUnitInfo - No LoadTimeWeaver setup: ignoring JPA class transformer
2024-12-14 15:53:56 [Test worker] WARN  org.hibernate.orm.deprecation - HHH90000025: H2Dialect does not need to be specified explicitly using 'hibernate.dialect' (remove the property setting and it will be selected by default)
2024-12-14 15:53:56 [Test worker] INFO  o.h.e.t.j.p.i.JtaPlatformInitiator - HHH000489: No JTA platform available (set 'hibernate.transaction.jta.platform' to enable JTA platform integration)
2024-12-14 15:53:56 [Test worker] INFO  o.s.o.j.LocalContainerEntityManagerFactoryBean - Initialized JPA EntityManagerFactory for persistence unit 'default'
2024-12-14 15:53:56 [Test worker] WARN  o.s.b.a.o.j.JpaBaseConfiguration$JpaWebConfiguration - spring.jpa.open-in-view is enabled by default. Therefore, database queries may be performed during view rendering. Explicitly configure spring.jpa.open-in-view to disable this warning
2024-12-14 15:53:56 [Test worker] INFO  l.j.t.i.c.s.TravelCalculatePremiumServiceImplTest - Started TravelCalculatePremiumServiceImplTest in 1.511 seconds (process running for 8.19)
]]></system-out>
  <system-err><![CDATA[]]></system-err>
</testsuite>
