<?xml version="1.0" encoding="UTF-8"?>
<testsuite name="lv.javaguru.travel.insurance.core.underwriting.calculators.medical.TravelRiskPremiumCalculatorMedicalTest" tests="3" skipped="0" failures="0" errors="0" timestamp="2024-12-14T12:53:57" hostname="DESKTOP-MNGQN6P" time="0.016">
  <properties/>
  <testcase name="calculatePremiumForMedicalRiskLatviaTest()" classname="lv.javaguru.travel.insurance.core.underwriting.calculators.medical.TravelRiskPremiumCalculatorMedicalTest" time="0.006"/>
  <testcase name="calculatePremiumForMedicalRiskJapanTest()" classname="lv.javaguru.travel.insurance.core.underwriting.calculators.medical.TravelRiskPremiumCalculatorMedicalTest" time="0.004"/>
  <testcase name="calculatePremiumForMedicalRiskSpainTest()" classname="lv.javaguru.travel.insurance.core.underwriting.calculators.medical.TravelRiskPremiumCalculatorMedicalTest" time="0.003"/>
  <system-out><![CDATA[2024-12-14 15:53:57 [Test worker] INFO  o.s.t.c.s.AnnotationConfigContextLoaderUtils - Could not detect default configuration classes for test class [lv.javaguru.travel.insurance.core.underwriting.calculators.medical.TravelRiskPremiumCalculatorMedicalTest]: TravelRiskPremiumCalculatorMedicalTest does not declare any static, non-private, non-final, nested classes annotated with @Configuration.
]]></system-out>
  <system-err><![CDATA[]]></system-err>
</testsuite>
