<?xml version="1.0" encoding="UTF-8"?>
<testsuite name="lv.javaguru.travel.insurance.core.validationTests.TravelRequestPersonIcValidationTest" tests="3" skipped="0" failures="0" errors="0" timestamp="2024-12-14T12:53:57" hostname="DESKTOP-MNGQN6P" time="0.006">
  <properties/>
  <testcase name="personIcIsEmpty()" classname="lv.javaguru.travel.insurance.core.validationTests.TravelRequestPersonIcValidationTest" time="0.001"/>
  <testcase name="personIcIsCorrect()" classname="lv.javaguru.travel.insurance.core.validationTests.TravelRequestPersonIcValidationTest" time="0.001"/>
  <testcase name="personIcIsNull()" classname="lv.javaguru.travel.insurance.core.validationTests.TravelRequestPersonIcValidationTest" time="0.001"/>
  <system-out><![CDATA[2024-12-14 15:53:57 [Test worker] INFO  o.s.t.c.s.AnnotationConfigContextLoaderUtils - Could not detect default configuration classes for test class [lv.javaguru.travel.insurance.core.validationTests.TravelRequestPersonIcValidationTest]: TravelRequestPersonIcValidationTest does not declare any static, non-private, non-final, nested classes annotated with @Configuration.
]]></system-out>
  <system-err><![CDATA[]]></system-err>
</testsuite>
